{"D:\\H8\\phase3\\final-project\\server\\controllers\\projectController.js": {"path":"D:\\H8\\phase3\\final-project\\server\\controllers\\projectController.js","statementMap":{"0":{"start":{"line":1,"column":45},"end":{"line":1,"column":65}},"1":{"start":{"line":5,"column":21},"end":{"line":5,"column":29}},"2":{"start":{"line":6,"column":19},"end":{"line":6,"column":27}},"3":{"start":{"line":8,"column":4},"end":{"line":23,"column":5}},"4":{"start":{"line":9,"column":19},"end":{"line":11,"column":8}},"5":{"start":{"line":13,"column":6},"end":{"line":17,"column":9}},"6":{"start":{"line":19,"column":6},"end":{"line":19,"column":59}},"7":{"start":{"line":22,"column":6},"end":{"line":22,"column":18}},"8":{"start":{"line":27,"column":19},"end":{"line":27,"column":27}},"9":{"start":{"line":28,"column":4},"end":{"line":39,"column":5}},"10":{"start":{"line":29,"column":19},"end":{"line":34,"column":8}},"11":{"start":{"line":35,"column":6},"end":{"line":35,"column":33}},"12":{"start":{"line":38,"column":6},"end":{"line":38,"column":18}},"13":{"start":{"line":43,"column":26},"end":{"line":43,"column":36}},"14":{"start":{"line":44,"column":19},"end":{"line":44,"column":27}},"15":{"start":{"line":45,"column":4},"end":{"line":45,"column":20}},"16":{"start":{"line":46,"column":4},"end":{"line":85,"column":5}},"17":{"start":{"line":47,"column":19},"end":{"line":52,"column":8}},"18":{"start":{"line":54,"column":6},"end":{"line":54,"column":45}},"19":{"start":{"line":54,"column":17},"end":{"line":54,"column":45}},"20":{"start":{"line":56,"column":22},"end":{"line":66,"column":8}},"21":{"start":{"line":68,"column":21},"end":{"line":79,"column":8}},"22":{"start":{"line":81,"column":6},"end":{"line":81,"column":48}},"23":{"start":{"line":84,"column":6},"end":{"line":84,"column":18}},"24":{"start":{"line":89,"column":0},"end":{"line":89,"column":35}}},"fnMap":{"0":{"name":"(anonymous_0)","decl":{"start":{"line":4,"column":2},"end":{"line":4,"column":3}},"loc":{"start":{"line":4,"column":45},"end":{"line":24,"column":3}},"line":4},"1":{"name":"(anonymous_1)","decl":{"start":{"line":26,"column":2},"end":{"line":26,"column":3}},"loc":{"start":{"line":26,"column":42},"end":{"line":40,"column":3}},"line":26},"2":{"name":"(anonymous_2)","decl":{"start":{"line":42,"column":2},"end":{"line":42,"column":3}},"loc":{"start":{"line":42,"column":46},"end":{"line":86,"column":3}},"line":42}},"branchMap":{"0":{"loc":{"start":{"line":54,"column":6},"end":{"line":54,"column":45}},"type":"if","locations":[{"start":{"line":54,"column":6},"end":{"line":54,"column":45}},{"start":{},"end":{}}],"line":54}},"s":{"0":1,"1":1,"2":1,"3":1,"4":1,"5":1,"6":1,"7":0,"8":1,"9":1,"10":1,"11":1,"12":0,"13":2,"14":2,"15":2,"16":2,"17":2,"18":2,"19":1,"20":1,"21":1,"22":1,"23":1,"24":1},"f":{"0":1,"1":1,"2":2},"b":{"0":[1,1]},"_coverageSchema":"1a1c01bbd47fc00a2c39e90264f33305004495a9","hash":"181e50751dcd2f0ab97b569dd433f9acedb9e98c"}
,"D:\\H8\\phase3\\final-project\\server\\controllers\\taskController.js": {"path":"D:\\H8\\phase3\\final-project\\server\\controllers\\taskController.js","statementMap":{"0":{"start":{"line":1,"column":17},"end":{"line":1,"column":37}},"1":{"start":{"line":5,"column":4},"end":{"line":12,"column":5}},"2":{"start":{"line":6,"column":21},"end":{"line":6,"column":32}},"3":{"start":{"line":7,"column":19},"end":{"line":7,"column":60}},"4":{"start":{"line":8,"column":6},"end":{"line":8,"column":51}},"5":{"start":{"line":8,"column":24},"end":{"line":8,"column":51}},"6":{"start":{"line":9,"column":6},"end":{"line":9,"column":33}},"7":{"start":{"line":11,"column":6},"end":{"line":11,"column":18}},"8":{"start":{"line":16,"column":4},"end":{"line":34,"column":5}},"9":{"start":{"line":17,"column":21},"end":{"line":17,"column":32}},"10":{"start":{"line":18,"column":48},"end":{"line":18,"column":56}},"11":{"start":{"line":19,"column":19},"end":{"line":26,"column":8}},"12":{"start":{"line":27,"column":6},"end":{"line":31,"column":9}},"13":{"start":{"line":33,"column":6},"end":{"line":33,"column":18}},"14":{"start":{"line":38,"column":0},"end":{"line":38,"column":32}}},"fnMap":{"0":{"name":"(anonymous_0)","decl":{"start":{"line":4,"column":2},"end":{"line":4,"column":3}},"loc":{"start":{"line":4,"column":51},"end":{"line":13,"column":3}},"line":4},"1":{"name":"(anonymous_1)","decl":{"start":{"line":15,"column":2},"end":{"line":15,"column":3}},"loc":{"start":{"line":15,"column":42},"end":{"line":35,"column":3}},"line":15}},"branchMap":{"0":{"loc":{"start":{"line":8,"column":6},"end":{"line":8,"column":51}},"type":"if","locations":[{"start":{"line":8,"column":6},"end":{"line":8,"column":51}},{"start":{},"end":{}}],"line":8}},"s":{"0":1,"1":2,"2":2,"3":2,"4":2,"5":1,"6":1,"7":1,"8":3,"9":3,"10":3,"11":3,"12":1,"13":2,"14":1},"f":{"0":2,"1":3},"b":{"0":[1,1]},"_coverageSchema":"1a1c01bbd47fc00a2c39e90264f33305004495a9","hash":"abd2d209a5f5d78c62eb80663f458be3f5f0ee32"}
,"D:\\H8\\phase3\\final-project\\server\\controllers\\userController.js": {"path":"D:\\H8\\phase3\\final-project\\server\\controllers\\userController.js","statementMap":{"0":{"start":{"line":1,"column":17},"end":{"line":1,"column":37}},"1":{"start":{"line":2,"column":13},"end":{"line":2,"column":47}},"2":{"start":{"line":3,"column":19},"end":{"line":3,"column":52}},"3":{"start":{"line":4,"column":12},"end":{"line":4,"column":35}},"4":{"start":{"line":5,"column":28},"end":{"line":5,"column":58}},"5":{"start":{"line":6,"column":24},"end":{"line":6,"column":49}},"6":{"start":{"line":11,"column":4},"end":{"line":20,"column":5}},"7":{"start":{"line":12,"column":19},"end":{"line":16,"column":8}},"8":{"start":{"line":17,"column":6},"end":{"line":17,"column":33}},"9":{"start":{"line":19,"column":6},"end":{"line":19,"column":65}},"10":{"start":{"line":25,"column":4},"end":{"line":51,"column":5}},"11":{"start":{"line":26,"column":44},"end":{"line":26,"column":52}},"12":{"start":{"line":27,"column":6},"end":{"line":27,"column":75}},"13":{"start":{"line":27,"column":44},"end":{"line":27,"column":75}},"14":{"start":{"line":28,"column":20},"end":{"line":30,"column":8}},"15":{"start":{"line":31,"column":23},"end":{"line":37,"column":8}},"16":{"start":{"line":40,"column":6},"end":{"line":43,"column":9}},"17":{"start":{"line":44,"column":6},"end":{"line":44,"column":50}},"18":{"start":{"line":45,"column":6},"end":{"line":47,"column":9}},"19":{"start":{"line":49,"column":6},"end":{"line":49,"column":46}},"20":{"start":{"line":50,"column":6},"end":{"line":50,"column":17}},"21":{"start":{"line":56,"column":4},"end":{"line":89,"column":5}},"22":{"start":{"line":57,"column":24},"end":{"line":57,"column":34}},"23":{"start":{"line":58,"column":6},"end":{"line":58,"column":49}},"24":{"start":{"line":58,"column":18},"end":{"line":58,"column":49}},"25":{"start":{"line":59,"column":19},"end":{"line":59,"column":59}},"26":{"start":{"line":60,"column":6},"end":{"line":60,"column":48}},"27":{"start":{"line":60,"column":17},"end":{"line":60,"column":48}},"28":{"start":{"line":61,"column":6},"end":{"line":61,"column":64}},"29":{"start":{"line":61,"column":36},"end":{"line":61,"column":64}},"30":{"start":{"line":64,"column":6},"end":{"line":64,"column":74}},"31":{"start":{"line":67,"column":6},"end":{"line":70,"column":9}},"32":{"start":{"line":72,"column":6},"end":{"line":72,"column":64}},"33":{"start":{"line":74,"column":6},"end":{"line":88,"column":7}},"34":{"start":{"line":77,"column":10},"end":{"line":77,"column":64}},"35":{"start":{"line":78,"column":10},"end":{"line":78,"column":61}},"36":{"start":{"line":79,"column":10},"end":{"line":79,"column":16}},"37":{"start":{"line":82,"column":10},"end":{"line":82,"column":64}},"38":{"start":{"line":83,"column":10},"end":{"line":83,"column":62}},"39":{"start":{"line":84,"column":10},"end":{"line":84,"column":16}},"40":{"start":{"line":86,"column":10},"end":{"line":86,"column":21}},"41":{"start":{"line":87,"column":10},"end":{"line":87,"column":16}},"42":{"start":{"line":94,"column":4},"end":{"line":115,"column":5}},"43":{"start":{"line":95,"column":34},"end":{"line":95,"column":42}},"44":{"start":{"line":96,"column":19},"end":{"line":96,"column":59}},"45":{"start":{"line":97,"column":6},"end":{"line":97,"column":56}},"46":{"start":{"line":98,"column":6},"end":{"line":101,"column":7}},"47":{"start":{"line":99,"column":8},"end":{"line":99,"column":54}},"48":{"start":{"line":100,"column":8},"end":{"line":100,"column":39}},"49":{"start":{"line":102,"column":6},"end":{"line":105,"column":7}},"50":{"start":{"line":103,"column":8},"end":{"line":103,"column":48}},"51":{"start":{"line":104,"column":8},"end":{"line":104,"column":38}},"52":{"start":{"line":106,"column":26},"end":{"line":106,"column":66}},"53":{"start":{"line":107,"column":6},"end":{"line":107,"column":55}},"54":{"start":{"line":107,"column":24},"end":{"line":107,"column":55}},"55":{"start":{"line":108,"column":22},"end":{"line":110,"column":7}},"56":{"start":{"line":111,"column":20},"end":{"line":111,"column":40}},"57":{"start":{"line":112,"column":6},"end":{"line":112,"column":52}},"58":{"start":{"line":114,"column":6},"end":{"line":114,"column":18}},"59":{"start":{"line":119,"column":0},"end":{"line":119,"column":32}}},"fnMap":{"0":{"name":"(anonymous_0)","decl":{"start":{"line":10,"column":2},"end":{"line":10,"column":3}},"loc":{"start":{"line":10,"column":43},"end":{"line":21,"column":3}},"line":10},"1":{"name":"(anonymous_1)","decl":{"start":{"line":24,"column":2},"end":{"line":24,"column":3}},"loc":{"start":{"line":24,"column":44},"end":{"line":52,"column":3}},"line":24},"2":{"name":"(anonymous_2)","decl":{"start":{"line":55,"column":2},"end":{"line":55,"column":3}},"loc":{"start":{"line":55,"column":42},"end":{"line":90,"column":3}},"line":55},"3":{"name":"(anonymous_3)","decl":{"start":{"line":93,"column":2},"end":{"line":93,"column":3}},"loc":{"start":{"line":93,"column":41},"end":{"line":116,"column":3}},"line":93}},"branchMap":{"0":{"loc":{"start":{"line":27,"column":6},"end":{"line":27,"column":75}},"type":"if","locations":[{"start":{"line":27,"column":6},"end":{"line":27,"column":75}},{"start":{},"end":{}}],"line":27},"1":{"loc":{"start":{"line":27,"column":10},"end":{"line":27,"column":42}},"type":"binary-expr","locations":[{"start":{"line":27,"column":10},"end":{"line":27,"column":19}},{"start":{"line":27,"column":23},"end":{"line":27,"column":29}},{"start":{"line":27,"column":33},"end":{"line":27,"column":42}}],"line":27},"2":{"loc":{"start":{"line":58,"column":6},"end":{"line":58,"column":49}},"type":"if","locations":[{"start":{"line":58,"column":6},"end":{"line":58,"column":49}},{"start":{},"end":{}}],"line":58},"3":{"loc":{"start":{"line":60,"column":6},"end":{"line":60,"column":48}},"type":"if","locations":[{"start":{"line":60,"column":6},"end":{"line":60,"column":48}},{"start":{},"end":{}}],"line":60},"4":{"loc":{"start":{"line":61,"column":6},"end":{"line":61,"column":64}},"type":"if","locations":[{"start":{"line":61,"column":6},"end":{"line":61,"column":64}},{"start":{},"end":{}}],"line":61},"5":{"loc":{"start":{"line":74,"column":6},"end":{"line":88,"column":7}},"type":"switch","locations":[{"start":{"line":75,"column":8},"end":{"line":79,"column":16}},{"start":{"line":80,"column":8},"end":{"line":84,"column":16}},{"start":{"line":85,"column":8},"end":{"line":87,"column":16}}],"line":74},"6":{"loc":{"start":{"line":98,"column":6},"end":{"line":101,"column":7}},"type":"if","locations":[{"start":{"line":98,"column":6},"end":{"line":101,"column":7}},{"start":{},"end":{}}],"line":98},"7":{"loc":{"start":{"line":102,"column":6},"end":{"line":105,"column":7}},"type":"if","locations":[{"start":{"line":102,"column":6},"end":{"line":105,"column":7}},{"start":{},"end":{}}],"line":102},"8":{"loc":{"start":{"line":107,"column":6},"end":{"line":107,"column":55}},"type":"if","locations":[{"start":{"line":107,"column":6},"end":{"line":107,"column":55}},{"start":{},"end":{}}],"line":107}},"s":{"0":1,"1":1,"2":1,"3":1,"4":1,"5":1,"6":1,"7":1,"8":1,"9":0,"10":2,"11":2,"12":2,"13":0,"14":2,"15":2,"16":1,"17":1,"18":1,"19":1,"20":1,"21":3,"22":3,"23":3,"24":0,"25":3,"26":3,"27":1,"28":2,"29":1,"30":1,"31":1,"32":1,"33":2,"34":0,"35":0,"36":0,"37":1,"38":1,"39":1,"40":1,"41":1,"42":4,"43":4,"44":4,"45":4,"46":4,"47":2,"48":2,"49":2,"50":0,"51":0,"52":2,"53":2,"54":1,"55":1,"56":1,"57":1,"58":3,"59":1},"f":{"0":1,"1":2,"2":3,"3":4},"b":{"0":[0,2],"1":[2,2,2],"2":[0,3],"3":[1,2],"4":[1,1],"5":[0,1,1],"6":[2,2],"7":[0,2],"8":[1,1]},"_coverageSchema":"1a1c01bbd47fc00a2c39e90264f33305004495a9","hash":"ebbab89189826cfdaf631b4382dd80218d7ee78f"}
,"D:\\H8\\phase3\\final-project\\server\\controllers\\userProjectController.js": {"path":"D:\\H8\\phase3\\final-project\\server\\controllers\\userProjectController.js","statementMap":{"0":{"start":{"line":1,"column":39},"end":{"line":1,"column":59}},"1":{"start":{"line":2,"column":24},"end":{"line":2,"column":61}},"2":{"start":{"line":6,"column":4},"end":{"line":34,"column":5}},"3":{"start":{"line":7,"column":35},"end":{"line":7,"column":43}},"4":{"start":{"line":8,"column":21},"end":{"line":8,"column":32}},"5":{"start":{"line":9,"column":6},"end":{"line":9,"column":45}},"6":{"start":{"line":9,"column":18},"end":{"line":9,"column":45}},"7":{"start":{"line":10,"column":29},"end":{"line":10,"column":56}},"8":{"start":{"line":11,"column":23},"end":{"line":11,"column":63}},"9":{"start":{"line":12,"column":6},"end":{"line":12,"column":53}},"10":{"start":{"line":12,"column":21},"end":{"line":12,"column":53}},"11":{"start":{"line":13,"column":26},"end":{"line":13,"column":59}},"12":{"start":{"line":14,"column":6},"end":{"line":14,"column":51}},"13":{"start":{"line":14,"column":24},"end":{"line":14,"column":51}},"14":{"start":{"line":16,"column":18},"end":{"line":23,"column":7}},"15":{"start":{"line":25,"column":6},"end":{"line":25,"column":33}},"16":{"start":{"line":26,"column":6},"end":{"line":26,"column":74}},"17":{"start":{"line":28,"column":6},"end":{"line":33,"column":7}},"18":{"start":{"line":29,"column":8},"end":{"line":29,"column":65}},"19":{"start":{"line":31,"column":8},"end":{"line":31,"column":27}},"20":{"start":{"line":32,"column":8},"end":{"line":32,"column":20}},"21":{"start":{"line":37,"column":4},"end":{"line":57,"column":5}},"22":{"start":{"line":38,"column":36},"end":{"line":38,"column":45}},"23":{"start":{"line":39,"column":30},"end":{"line":41,"column":8}},"24":{"start":{"line":42,"column":6},"end":{"line":42,"column":59}},"25":{"start":{"line":42,"column":27},"end":{"line":42,"column":59}},"26":{"start":{"line":43,"column":32},"end":{"line":47,"column":8}},"27":{"start":{"line":48,"column":6},"end":{"line":48,"column":67}},"28":{"start":{"line":50,"column":6},"end":{"line":56,"column":7}},"29":{"start":{"line":51,"column":8},"end":{"line":53,"column":70}},"30":{"start":{"line":55,"column":8},"end":{"line":55,"column":20}},"31":{"start":{"line":61,"column":0},"end":{"line":61,"column":39}}},"fnMap":{"0":{"name":"(anonymous_0)","decl":{"start":{"line":5,"column":2},"end":{"line":5,"column":3}},"loc":{"start":{"line":5,"column":42},"end":{"line":35,"column":3}},"line":5},"1":{"name":"(anonymous_1)","decl":{"start":{"line":36,"column":2},"end":{"line":36,"column":3}},"loc":{"start":{"line":36,"column":44},"end":{"line":58,"column":3}},"line":36}},"branchMap":{"0":{"loc":{"start":{"line":9,"column":6},"end":{"line":9,"column":45}},"type":"if","locations":[{"start":{"line":9,"column":6},"end":{"line":9,"column":45}},{"start":{},"end":{}}],"line":9},"1":{"loc":{"start":{"line":12,"column":6},"end":{"line":12,"column":53}},"type":"if","locations":[{"start":{"line":12,"column":6},"end":{"line":12,"column":53}},{"start":{},"end":{}}],"line":12},"2":{"loc":{"start":{"line":14,"column":6},"end":{"line":14,"column":51}},"type":"if","locations":[{"start":{"line":14,"column":6},"end":{"line":14,"column":51}},{"start":{},"end":{}}],"line":14},"3":{"loc":{"start":{"line":28,"column":6},"end":{"line":33,"column":7}},"type":"if","locations":[{"start":{"line":28,"column":6},"end":{"line":33,"column":7}},{"start":{"line":30,"column":13},"end":{"line":33,"column":7}}],"line":28},"4":{"loc":{"start":{"line":42,"column":6},"end":{"line":42,"column":59}},"type":"if","locations":[{"start":{"line":42,"column":6},"end":{"line":42,"column":59}},{"start":{},"end":{}}],"line":42},"5":{"loc":{"start":{"line":50,"column":6},"end":{"line":56,"column":7}},"type":"if","locations":[{"start":{"line":50,"column":6},"end":{"line":56,"column":7}},{"start":{"line":54,"column":13},"end":{"line":56,"column":7}}],"line":50}},"s":{"0":1,"1":1,"2":3,"3":3,"4":3,"5":3,"6":1,"7":2,"8":2,"9":2,"10":0,"11":2,"12":2,"13":1,"14":1,"15":1,"16":1,"17":2,"18":0,"19":2,"20":2,"21":0,"22":0,"23":0,"24":0,"25":0,"26":0,"27":0,"28":0,"29":0,"30":0,"31":1},"f":{"0":3,"1":0},"b":{"0":[1,2],"1":[0,2],"2":[1,1],"3":[0,2],"4":[0,0],"5":[0,0]},"_coverageSchema":"1a1c01bbd47fc00a2c39e90264f33305004495a9","hash":"a7995f73731a11a21b7b8b61495a7e64a0f24c92"}
,"D:\\H8\\phase3\\final-project\\server\\helpers\\bcryptjs.js": {"path":"D:\\H8\\phase3\\final-project\\server\\helpers\\bcryptjs.js","statementMap":{"0":{"start":{"line":1,"column":15},"end":{"line":1,"column":34}},"1":{"start":{"line":3,"column":21},"end":{"line":3,"column":64}},"2":{"start":{"line":3,"column":35},"end":{"line":3,"column":64}},"3":{"start":{"line":4,"column":24},"end":{"line":4,"column":94}},"4":{"start":{"line":4,"column":52},"end":{"line":4,"column":94}},"5":{"start":{"line":6,"column":0},"end":{"line":9,"column":1}}},"fnMap":{"0":{"name":"(anonymous_0)","decl":{"start":{"line":3,"column":21},"end":{"line":3,"column":22}},"loc":{"start":{"line":3,"column":35},"end":{"line":3,"column":64}},"line":3},"1":{"name":"(anonymous_1)","decl":{"start":{"line":4,"column":24},"end":{"line":4,"column":25}},"loc":{"start":{"line":4,"column":52},"end":{"line":4,"column":94}},"line":4}},"branchMap":{},"s":{"0":1,"1":1,"2":4,"3":1,"4":2,"5":1},"f":{"0":4,"1":2},"b":{},"_coverageSchema":"1a1c01bbd47fc00a2c39e90264f33305004495a9","hash":"bdd4c8f4d1ffccdb44fbebc721d216d4d4d0b542"}
,"D:\\H8\\phase3\\final-project\\server\\helpers\\invitationEmail.js": {"path":"D:\\H8\\phase3\\final-project\\server\\helpers\\invitationEmail.js","statementMap":{"0":{"start":{"line":1,"column":19},"end":{"line":1,"column":40}},"1":{"start":{"line":2,"column":19},"end":{"line":2,"column":65}},"2":{"start":{"line":4,"column":24},"end":{"line":27,"column":1}},"3":{"start":{"line":5,"column":20},"end":{"line":11,"column":4}},"4":{"start":{"line":13,"column":20},"end":{"line":18,"column":3}},"5":{"start":{"line":29,"column":0},"end":{"line":29,"column":33}}},"fnMap":{"0":{"name":"(anonymous_0)","decl":{"start":{"line":4,"column":24},"end":{"line":4,"column":25}},"loc":{"start":{"line":4,"column":33},"end":{"line":27,"column":1}},"line":4}},"branchMap":{},"s":{"0":1,"1":1,"2":1,"3":1,"4":1,"5":1},"f":{"0":1},"b":{},"_coverageSchema":"1a1c01bbd47fc00a2c39e90264f33305004495a9","hash":"c90add5873942dedcfe39ab9268686d9d737f64e"}
,"D:\\H8\\phase3\\final-project\\server\\helpers\\jwt.js": {"path":"D:\\H8\\phase3\\final-project\\server\\helpers\\jwt.js","statementMap":{"0":{"start":{"line":1,"column":12},"end":{"line":1,"column":35}},"1":{"start":{"line":2,"column":19},"end":{"line":2,"column":30}},"2":{"start":{"line":4,"column":20},"end":{"line":4,"column":62}},"3":{"start":{"line":4,"column":33},"end":{"line":4,"column":62}},"4":{"start":{"line":5,"column":20},"end":{"line":5,"column":60}},"5":{"start":{"line":5,"column":31},"end":{"line":5,"column":60}},"6":{"start":{"line":7,"column":0},"end":{"line":10,"column":2}},"7":{"start":{"line":12,"column":16},"end":{"line":14,"column":3}},"8":{"start":{"line":15,"column":0},"end":{"line":15,"column":34}}},"fnMap":{"0":{"name":"(anonymous_0)","decl":{"start":{"line":4,"column":20},"end":{"line":4,"column":21}},"loc":{"start":{"line":4,"column":33},"end":{"line":4,"column":62}},"line":4},"1":{"name":"(anonymous_1)","decl":{"start":{"line":5,"column":20},"end":{"line":5,"column":21}},"loc":{"start":{"line":5,"column":31},"end":{"line":5,"column":60}},"line":5}},"branchMap":{},"s":{"0":1,"1":1,"2":1,"3":2,"4":1,"5":18,"6":1,"7":1,"8":1},"f":{"0":2,"1":18},"b":{},"_coverageSchema":"1a1c01bbd47fc00a2c39e90264f33305004495a9","hash":"8491e23a7974a340f3a4e5a0dea53474cb367a6e"}
,"D:\\H8\\phase3\\final-project\\server\\helpers\\verifyEmail.js": {"path":"D:\\H8\\phase3\\final-project\\server\\helpers\\verifyEmail.js","statementMap":{"0":{"start":{"line":1,"column":19},"end":{"line":1,"column":40}},"1":{"start":{"line":2,"column":15},"end":{"line":2,"column":57}},"2":{"start":{"line":4,"column":20},"end":{"line":27,"column":1}},"3":{"start":{"line":5,"column":22},"end":{"line":11,"column":6}},"4":{"start":{"line":13,"column":22},"end":{"line":18,"column":5}},"5":{"start":{"line":29,"column":0},"end":{"line":29,"column":29}}},"fnMap":{"0":{"name":"(anonymous_0)","decl":{"start":{"line":4,"column":20},"end":{"line":4,"column":21}},"loc":{"start":{"line":4,"column":29},"end":{"line":27,"column":1}},"line":4}},"branchMap":{},"s":{"0":1,"1":1,"2":1,"3":1,"4":1,"5":1},"f":{"0":1},"b":{},"_coverageSchema":"1a1c01bbd47fc00a2c39e90264f33305004495a9","hash":"f71aa89b8403788f80b6873e5324ce1c199294c5"}
,"D:\\H8\\phase3\\final-project\\server\\helpers\\welcomeEmail.js": {"path":"D:\\H8\\phase3\\final-project\\server\\helpers\\welcomeEmail.js","statementMap":{"0":{"start":{"line":1,"column":19},"end":{"line":1,"column":40}},"1":{"start":{"line":2,"column":16},"end":{"line":2,"column":59}},"2":{"start":{"line":4,"column":18},"end":{"line":27,"column":1}},"3":{"start":{"line":5,"column":22},"end":{"line":11,"column":6}},"4":{"start":{"line":13,"column":22},"end":{"line":18,"column":5}},"5":{"start":{"line":29,"column":0},"end":{"line":29,"column":26}}},"fnMap":{"0":{"name":"(anonymous_0)","decl":{"start":{"line":4,"column":18},"end":{"line":4,"column":19}},"loc":{"start":{"line":4,"column":27},"end":{"line":27,"column":1}},"line":4}},"branchMap":{},"s":{"0":1,"1":1,"2":1,"3":1,"4":1,"5":1},"f":{"0":1},"b":{},"_coverageSchema":"1a1c01bbd47fc00a2c39e90264f33305004495a9","hash":"a03260e4eaf85671da4a85f13f246fa5e1cfcead"}
,"D:\\H8\\phase3\\final-project\\server\\middleware\\authentication.js": {"path":"D:\\H8\\phase3\\final-project\\server\\middleware\\authentication.js","statementMap":{"0":{"start":{"line":1,"column":24},"end":{"line":1,"column":49}},"1":{"start":{"line":2,"column":17},"end":{"line":2,"column":37}},"2":{"start":{"line":4,"column":23},"end":{"line":19,"column":1}},"3":{"start":{"line":5,"column":4},"end":{"line":18,"column":5}},"4":{"start":{"line":6,"column":33},"end":{"line":6,"column":44}},"5":{"start":{"line":7,"column":8},"end":{"line":7,"column":54}},"6":{"start":{"line":7,"column":27},"end":{"line":7,"column":54}},"7":{"start":{"line":8,"column":24},"end":{"line":8,"column":49}},"8":{"start":{"line":9,"column":21},"end":{"line":9,"column":52}},"9":{"start":{"line":10,"column":8},"end":{"line":10,"column":49}},"10":{"start":{"line":10,"column":19},"end":{"line":10,"column":49}},"11":{"start":{"line":11,"column":8},"end":{"line":14,"column":9}},"12":{"start":{"line":15,"column":8},"end":{"line":15,"column":15}},"13":{"start":{"line":17,"column":8},"end":{"line":17,"column":20}},"14":{"start":{"line":21,"column":0},"end":{"line":21,"column":32}}},"fnMap":{"0":{"name":"(anonymous_0)","decl":{"start":{"line":4,"column":23},"end":{"line":4,"column":24}},"loc":{"start":{"line":4,"column":49},"end":{"line":19,"column":1}},"line":4}},"branchMap":{"0":{"loc":{"start":{"line":7,"column":8},"end":{"line":7,"column":54}},"type":"if","locations":[{"start":{"line":7,"column":8},"end":{"line":7,"column":54}},{"start":{},"end":{}}],"line":7},"1":{"loc":{"start":{"line":10,"column":8},"end":{"line":10,"column":49}},"type":"if","locations":[{"start":{"line":10,"column":8},"end":{"line":10,"column":49}},{"start":{},"end":{}}],"line":10}},"s":{"0":1,"1":1,"2":1,"3":24,"4":24,"5":24,"6":6,"7":18,"8":17,"9":17,"10":0,"11":17,"12":17,"13":7,"14":1},"f":{"0":24},"b":{"0":[6,18],"1":[0,17]},"_coverageSchema":"1a1c01bbd47fc00a2c39e90264f33305004495a9","hash":"ccf55b311cacb75d85484afa4441b52e73fb9e24"}
,"D:\\H8\\phase3\\final-project\\server\\middleware\\errorHandler.js": {"path":"D:\\H8\\phase3\\final-project\\server\\middleware\\errorHandler.js","statementMap":{"0":{"start":{"line":1,"column":21},"end":{"line":69,"column":1}},"1":{"start":{"line":2,"column":2},"end":{"line":68,"column":3}},"2":{"start":{"line":6,"column":19},"end":{"line":6,"column":42}},"3":{"start":{"line":7,"column":4},"end":{"line":9,"column":7}},"4":{"start":{"line":17,"column":9},"end":{"line":68,"column":3}},"5":{"start":{"line":18,"column":4},"end":{"line":18,"column":79}},"6":{"start":{"line":19,"column":9},"end":{"line":68,"column":3}},"7":{"start":{"line":20,"column":4},"end":{"line":22,"column":7}},"8":{"start":{"line":23,"column":9},"end":{"line":68,"column":3}},"9":{"start":{"line":24,"column":4},"end":{"line":24,"column":79}},"10":{"start":{"line":25,"column":9},"end":{"line":68,"column":3}},"11":{"start":{"line":26,"column":4},"end":{"line":28,"column":7}},"12":{"start":{"line":29,"column":9},"end":{"line":68,"column":3}},"13":{"start":{"line":30,"column":4},"end":{"line":30,"column":64}},"14":{"start":{"line":31,"column":9},"end":{"line":68,"column":3}},"15":{"start":{"line":35,"column":4},"end":{"line":38,"column":7}},"16":{"start":{"line":39,"column":9},"end":{"line":68,"column":3}},"17":{"start":{"line":40,"column":4},"end":{"line":43,"column":7}},"18":{"start":{"line":44,"column":9},"end":{"line":68,"column":3}},"19":{"start":{"line":45,"column":4},"end":{"line":45,"column":56}},"20":{"start":{"line":46,"column":9},"end":{"line":68,"column":3}},"21":{"start":{"line":47,"column":4},"end":{"line":52,"column":7}},"22":{"start":{"line":62,"column":4},"end":{"line":67,"column":7}},"23":{"start":{"line":71,"column":0},"end":{"line":71,"column":30}}},"fnMap":{"0":{"name":"(anonymous_0)","decl":{"start":{"line":1,"column":21},"end":{"line":1,"column":22}},"loc":{"start":{"line":1,"column":54},"end":{"line":69,"column":1}},"line":1}},"branchMap":{"0":{"loc":{"start":{"line":2,"column":2},"end":{"line":68,"column":3}},"type":"if","locations":[{"start":{"line":2,"column":2},"end":{"line":68,"column":3}},{"start":{"line":17,"column":9},"end":{"line":68,"column":3}}],"line":2},"1":{"loc":{"start":{"line":3,"column":4},"end":{"line":4,"column":50}},"type":"binary-expr","locations":[{"start":{"line":3,"column":4},"end":{"line":3,"column":44}},{"start":{"line":4,"column":4},"end":{"line":4,"column":50}}],"line":3},"2":{"loc":{"start":{"line":17,"column":9},"end":{"line":68,"column":3}},"type":"if","locations":[{"start":{"line":17,"column":9},"end":{"line":68,"column":3}},{"start":{"line":19,"column":9},"end":{"line":68,"column":3}}],"line":17},"3":{"loc":{"start":{"line":19,"column":9},"end":{"line":68,"column":3}},"type":"if","locations":[{"start":{"line":19,"column":9},"end":{"line":68,"column":3}},{"start":{"line":23,"column":9},"end":{"line":68,"column":3}}],"line":19},"4":{"loc":{"start":{"line":23,"column":9},"end":{"line":68,"column":3}},"type":"if","locations":[{"start":{"line":23,"column":9},"end":{"line":68,"column":3}},{"start":{"line":25,"column":9},"end":{"line":68,"column":3}}],"line":23},"5":{"loc":{"start":{"line":25,"column":9},"end":{"line":68,"column":3}},"type":"if","locations":[{"start":{"line":25,"column":9},"end":{"line":68,"column":3}},{"start":{"line":29,"column":9},"end":{"line":68,"column":3}}],"line":25},"6":{"loc":{"start":{"line":29,"column":9},"end":{"line":68,"column":3}},"type":"if","locations":[{"start":{"line":29,"column":9},"end":{"line":68,"column":3}},{"start":{"line":31,"column":9},"end":{"line":68,"column":3}}],"line":29},"7":{"loc":{"start":{"line":31,"column":9},"end":{"line":68,"column":3}},"type":"if","locations":[{"start":{"line":31,"column":9},"end":{"line":68,"column":3}},{"start":{"line":39,"column":9},"end":{"line":68,"column":3}}],"line":31},"8":{"loc":{"start":{"line":32,"column":4},"end":{"line":33,"column":37}},"type":"binary-expr","locations":[{"start":{"line":32,"column":4},"end":{"line":32,"column":32}},{"start":{"line":33,"column":4},"end":{"line":33,"column":37}}],"line":32},"9":{"loc":{"start":{"line":39,"column":9},"end":{"line":68,"column":3}},"type":"if","locations":[{"start":{"line":39,"column":9},"end":{"line":68,"column":3}},{"start":{"line":44,"column":9},"end":{"line":68,"column":3}}],"line":39},"10":{"loc":{"start":{"line":44,"column":9},"end":{"line":68,"column":3}},"type":"if","locations":[{"start":{"line":44,"column":9},"end":{"line":68,"column":3}},{"start":{"line":46,"column":9},"end":{"line":68,"column":3}}],"line":44},"11":{"loc":{"start":{"line":46,"column":9},"end":{"line":68,"column":3}},"type":"if","locations":[{"start":{"line":46,"column":9},"end":{"line":68,"column":3}},{"start":{"line":61,"column":7},"end":{"line":68,"column":3}}],"line":46}},"s":{"0":1,"1":18,"2":3,"3":3,"4":15,"5":1,"6":14,"7":1,"8":13,"9":0,"10":13,"11":0,"12":13,"13":1,"14":12,"15":1,"16":11,"17":6,"18":5,"19":2,"20":3,"21":3,"22":0,"23":1},"f":{"0":18},"b":{"0":[3,15],"1":[18,16],"2":[1,14],"3":[1,13],"4":[0,13],"5":[0,13],"6":[1,12],"7":[1,11],"8":[12,12],"9":[6,5],"10":[2,3],"11":[3,0]},"_coverageSchema":"1a1c01bbd47fc00a2c39e90264f33305004495a9","hash":"3899b86b081cf7286cc6cacd24d0b76b99d4a3ef"}
,"D:\\H8\\phase3\\final-project\\server\\routes\\index.js": {"path":"D:\\H8\\phase3\\final-project\\server\\routes\\index.js","statementMap":{"0":{"start":{"line":1,"column":15},"end":{"line":1,"column":42}},"1":{"start":{"line":2,"column":19},"end":{"line":2,"column":36}},"2":{"start":{"line":3,"column":19},"end":{"line":3,"column":36}},"3":{"start":{"line":4,"column":22},"end":{"line":4,"column":42}},"4":{"start":{"line":5,"column":26},"end":{"line":5,"column":50}},"5":{"start":{"line":6,"column":23},"end":{"line":6,"column":62}},"6":{"start":{"line":8,"column":0},"end":{"line":8,"column":33}},"7":{"start":{"line":9,"column":0},"end":{"line":9,"column":27}},"8":{"start":{"line":10,"column":0},"end":{"line":10,"column":33}},"9":{"start":{"line":11,"column":0},"end":{"line":11,"column":39}},"10":{"start":{"line":12,"column":0},"end":{"line":12,"column":47}},"11":{"start":{"line":14,"column":0},"end":{"line":14,"column":24}}},"fnMap":{},"branchMap":{},"s":{"0":1,"1":1,"2":1,"3":1,"4":1,"5":1,"6":1,"7":1,"8":1,"9":1,"10":1,"11":1},"f":{},"b":{},"_coverageSchema":"1a1c01bbd47fc00a2c39e90264f33305004495a9","hash":"741088794a23e76e43f78654a3a1e4f28a1658ba"}
,"D:\\H8\\phase3\\final-project\\server\\routes\\project.js": {"path":"D:\\H8\\phase3\\final-project\\server\\routes\\project.js","statementMap":{"0":{"start":{"line":1,"column":26},"end":{"line":1,"column":69}},"1":{"start":{"line":2,"column":15},"end":{"line":2,"column":42}},"2":{"start":{"line":4,"column":0},"end":{"line":4,"column":46}},"3":{"start":{"line":5,"column":0},"end":{"line":5,"column":60}},"4":{"start":{"line":6,"column":0},"end":{"line":6,"column":50}},"5":{"start":{"line":8,"column":0},"end":{"line":8,"column":24}}},"fnMap":{},"branchMap":{},"s":{"0":1,"1":1,"2":1,"3":1,"4":1,"5":1},"f":{},"b":{},"_coverageSchema":"1a1c01bbd47fc00a2c39e90264f33305004495a9","hash":"6bc1c5ded77719276590941980dbec0cf25e1167"}
,"D:\\H8\\phase3\\final-project\\server\\routes\\task.js": {"path":"D:\\H8\\phase3\\final-project\\server\\routes\\task.js","statementMap":{"0":{"start":{"line":1,"column":15},"end":{"line":1,"column":42}},"1":{"start":{"line":2,"column":23},"end":{"line":2,"column":63}},"2":{"start":{"line":3,"column":23},"end":{"line":3,"column":62}},"3":{"start":{"line":5,"column":0},"end":{"line":5,"column":27}},"4":{"start":{"line":7,"column":0},"end":{"line":7,"column":52}},"5":{"start":{"line":9,"column":0},"end":{"line":9,"column":44}},"6":{"start":{"line":11,"column":0},"end":{"line":11,"column":24}}},"fnMap":{},"branchMap":{},"s":{"0":1,"1":1,"2":1,"3":1,"4":1,"5":1,"6":1},"f":{},"b":{},"_coverageSchema":"1a1c01bbd47fc00a2c39e90264f33305004495a9","hash":"d986097d73cae9dddadfa3ac73c560af425e1df6"}
,"D:\\H8\\phase3\\final-project\\server\\routes\\user.js": {"path":"D:\\H8\\phase3\\final-project\\server\\routes\\user.js","statementMap":{"0":{"start":{"line":1,"column":23},"end":{"line":1,"column":63}},"1":{"start":{"line":2,"column":15},"end":{"line":2,"column":42}},"2":{"start":{"line":5,"column":0},"end":{"line":5,"column":44}},"3":{"start":{"line":8,"column":0},"end":{"line":8,"column":46}},"4":{"start":{"line":11,"column":0},"end":{"line":11,"column":56}},"5":{"start":{"line":14,"column":0},"end":{"line":14,"column":48}},"6":{"start":{"line":16,"column":0},"end":{"line":16,"column":24}}},"fnMap":{},"branchMap":{},"s":{"0":1,"1":1,"2":1,"3":1,"4":1,"5":1,"6":1},"f":{},"b":{},"_coverageSchema":"1a1c01bbd47fc00a2c39e90264f33305004495a9","hash":"5bd9ff81c8f65c8becd4253fcb8921a51d4c12a5"}
,"D:\\H8\\phase3\\final-project\\server\\routes\\userProject.js": {"path":"D:\\H8\\phase3\\final-project\\server\\routes\\userProject.js","statementMap":{"0":{"start":{"line":1,"column":30},"end":{"line":1,"column":77}},"1":{"start":{"line":2,"column":15},"end":{"line":2,"column":42}},"2":{"start":{"line":5,"column":0},"end":{"line":5,"column":51}},"3":{"start":{"line":8,"column":0},"end":{"line":8,"column":59}},"4":{"start":{"line":11,"column":0},"end":{"line":11,"column":24}}},"fnMap":{},"branchMap":{},"s":{"0":1,"1":1,"2":1,"3":1,"4":1},"f":{},"b":{},"_coverageSchema":"1a1c01bbd47fc00a2c39e90264f33305004495a9","hash":"42e11507086f55b86248b1d4fc4a13d2d3303bdf"}
}
