{"D:\\H8\\phase3\\final-project\\server\\controllers\\projectController.js": {"path":"D:\\H8\\phase3\\final-project\\server\\controllers\\projectController.js","statementMap":{"0":{"start":{"line":1,"column":45},"end":{"line":1,"column":65}},"1":{"start":{"line":5,"column":21},"end":{"line":5,"column":29}},"2":{"start":{"line":6,"column":19},"end":{"line":6,"column":27}},"3":{"start":{"line":8,"column":4},"end":{"line":23,"column":5}},"4":{"start":{"line":9,"column":19},"end":{"line":11,"column":8}},"5":{"start":{"line":13,"column":6},"end":{"line":17,"column":9}},"6":{"start":{"line":19,"column":6},"end":{"line":19,"column":59}},"7":{"start":{"line":27,"column":19},"end":{"line":27,"column":27}},"8":{"start":{"line":28,"column":4},"end":{"line":39,"column":5}},"9":{"start":{"line":29,"column":19},"end":{"line":34,"column":8}},"10":{"start":{"line":35,"column":6},"end":{"line":35,"column":33}},"11":{"start":{"line":43,"column":26},"end":{"line":43,"column":36}},"12":{"start":{"line":44,"column":19},"end":{"line":44,"column":27}},"13":{"start":{"line":45,"column":4},"end":{"line":45,"column":20}},"14":{"start":{"line":46,"column":4},"end":{"line":85,"column":5}},"15":{"start":{"line":47,"column":19},"end":{"line":52,"column":8}},"16":{"start":{"line":54,"column":6},"end":{"line":54,"column":45}},"17":{"start":{"line":54,"column":17},"end":{"line":54,"column":45}},"18":{"start":{"line":56,"column":22},"end":{"line":66,"column":8}},"19":{"start":{"line":68,"column":21},"end":{"line":79,"column":8}},"20":{"start":{"line":81,"column":6},"end":{"line":81,"column":48}},"21":{"start":{"line":84,"column":6},"end":{"line":84,"column":18}},"22":{"start":{"line":89,"column":0},"end":{"line":89,"column":35}}},"fnMap":{"0":{"name":"(anonymous_0)","decl":{"start":{"line":4,"column":2},"end":{"line":4,"column":3}},"loc":{"start":{"line":4,"column":45},"end":{"line":24,"column":3}},"line":4},"1":{"name":"(anonymous_1)","decl":{"start":{"line":26,"column":2},"end":{"line":26,"column":3}},"loc":{"start":{"line":26,"column":42},"end":{"line":40,"column":3}},"line":26},"2":{"name":"(anonymous_2)","decl":{"start":{"line":42,"column":2},"end":{"line":42,"column":3}},"loc":{"start":{"line":42,"column":46},"end":{"line":86,"column":3}},"line":42}},"branchMap":{"0":{"loc":{"start":{"line":54,"column":6},"end":{"line":54,"column":45}},"type":"if","locations":[{"start":{"line":54,"column":6},"end":{"line":54,"column":45}},{"start":{},"end":{}}],"line":54}},"s":{"0":1,"1":1,"2":1,"3":1,"4":1,"5":1,"6":1,"7":1,"8":1,"9":1,"10":1,"11":2,"12":2,"13":2,"14":2,"15":2,"16":2,"17":1,"18":1,"19":1,"20":1,"21":1,"22":1},"f":{"0":1,"1":1,"2":2},"b":{"0":[1,1]},"_coverageSchema":"1a1c01bbd47fc00a2c39e90264f33305004495a9","hash":"a7fdd38a60a1d9cbb06c230c5edf7ed263ad028b"}
,"D:\\H8\\phase3\\final-project\\server\\controllers\\taskController.js": {"path":"D:\\H8\\phase3\\final-project\\server\\controllers\\taskController.js","statementMap":{"0":{"start":{"line":1,"column":17},"end":{"line":1,"column":37}},"1":{"start":{"line":5,"column":4},"end":{"line":15,"column":5}},"2":{"start":{"line":7,"column":19},"end":{"line":10,"column":8}},"3":{"start":{"line":11,"column":6},"end":{"line":11,"column":51}},"4":{"start":{"line":11,"column":24},"end":{"line":11,"column":51}},"5":{"start":{"line":12,"column":6},"end":{"line":12,"column":33}},"6":{"start":{"line":28,"column":47},"end":{"line":28,"column":55}},"7":{"start":{"line":29,"column":4},"end":{"line":60,"column":5}},"8":{"start":{"line":30,"column":23},"end":{"line":43,"column":7}},"9":{"start":{"line":56,"column":6},"end":{"line":56,"column":56}},"10":{"start":{"line":58,"column":6},"end":{"line":58,"column":25}},"11":{"start":{"line":59,"column":6},"end":{"line":59,"column":18}},"12":{"start":{"line":64,"column":4},"end":{"line":82,"column":5}},"13":{"start":{"line":65,"column":21},"end":{"line":65,"column":32}},"14":{"start":{"line":66,"column":48},"end":{"line":66,"column":56}},"15":{"start":{"line":67,"column":19},"end":{"line":74,"column":8}},"16":{"start":{"line":75,"column":6},"end":{"line":79,"column":9}},"17":{"start":{"line":81,"column":6},"end":{"line":81,"column":18}},"18":{"start":{"line":86,"column":0},"end":{"line":86,"column":32}}},"fnMap":{"0":{"name":"(anonymous_0)","decl":{"start":{"line":4,"column":2},"end":{"line":4,"column":3}},"loc":{"start":{"line":4,"column":51},"end":{"line":16,"column":3}},"line":4},"1":{"name":"(anonymous_1)","decl":{"start":{"line":19,"column":2},"end":{"line":19,"column":3}},"loc":{"start":{"line":19,"column":48},"end":{"line":61,"column":3}},"line":19},"2":{"name":"(anonymous_2)","decl":{"start":{"line":63,"column":2},"end":{"line":63,"column":3}},"loc":{"start":{"line":63,"column":42},"end":{"line":83,"column":3}},"line":63}},"branchMap":{"0":{"loc":{"start":{"line":11,"column":6},"end":{"line":11,"column":51}},"type":"if","locations":[{"start":{"line":11,"column":6},"end":{"line":11,"column":51}},{"start":{},"end":{}}],"line":11}},"s":{"0":1,"1":1,"2":1,"3":1,"4":0,"5":1,"6":0,"7":0,"8":0,"9":0,"10":0,"11":0,"12":3,"13":3,"14":3,"15":3,"16":1,"17":2,"18":1},"f":{"0":1,"1":0,"2":3},"b":{"0":[0,1]},"_coverageSchema":"1a1c01bbd47fc00a2c39e90264f33305004495a9","hash":"8e9ffac7df182739ecd7559fb2ba3262c77a116b"}
,"D:\\H8\\phase3\\final-project\\server\\controllers\\userController.js": {"path":"D:\\H8\\phase3\\final-project\\server\\controllers\\userController.js","statementMap":{"0":{"start":{"line":1,"column":17},"end":{"line":1,"column":37}},"1":{"start":{"line":2,"column":13},"end":{"line":2,"column":47}},"2":{"start":{"line":3,"column":19},"end":{"line":3,"column":52}},"3":{"start":{"line":4,"column":12},"end":{"line":4,"column":35}},"4":{"start":{"line":5,"column":28},"end":{"line":5,"column":58}},"5":{"start":{"line":6,"column":24},"end":{"line":6,"column":49}},"6":{"start":{"line":11,"column":4},"end":{"line":20,"column":5}},"7":{"start":{"line":12,"column":19},"end":{"line":16,"column":8}},"8":{"start":{"line":17,"column":6},"end":{"line":17,"column":33}},"9":{"start":{"line":25,"column":4},"end":{"line":49,"column":5}},"10":{"start":{"line":26,"column":44},"end":{"line":26,"column":52}},"11":{"start":{"line":27,"column":6},"end":{"line":27,"column":75}},"12":{"start":{"line":27,"column":44},"end":{"line":27,"column":75}},"13":{"start":{"line":28,"column":20},"end":{"line":30,"column":8}},"14":{"start":{"line":31,"column":23},"end":{"line":37,"column":8}},"15":{"start":{"line":40,"column":6},"end":{"line":43,"column":9}},"16":{"start":{"line":44,"column":6},"end":{"line":46,"column":9}},"17":{"start":{"line":48,"column":6},"end":{"line":48,"column":18}},"18":{"start":{"line":54,"column":4},"end":{"line":87,"column":5}},"19":{"start":{"line":55,"column":24},"end":{"line":55,"column":34}},"20":{"start":{"line":56,"column":6},"end":{"line":56,"column":49}},"21":{"start":{"line":56,"column":18},"end":{"line":56,"column":49}},"22":{"start":{"line":57,"column":19},"end":{"line":57,"column":59}},"23":{"start":{"line":58,"column":6},"end":{"line":58,"column":48}},"24":{"start":{"line":58,"column":17},"end":{"line":58,"column":48}},"25":{"start":{"line":59,"column":6},"end":{"line":59,"column":64}},"26":{"start":{"line":59,"column":36},"end":{"line":59,"column":64}},"27":{"start":{"line":62,"column":6},"end":{"line":62,"column":74}},"28":{"start":{"line":65,"column":6},"end":{"line":68,"column":9}},"29":{"start":{"line":70,"column":6},"end":{"line":70,"column":64}},"30":{"start":{"line":72,"column":6},"end":{"line":86,"column":7}},"31":{"start":{"line":75,"column":10},"end":{"line":75,"column":64}},"32":{"start":{"line":76,"column":10},"end":{"line":76,"column":61}},"33":{"start":{"line":77,"column":10},"end":{"line":77,"column":16}},"34":{"start":{"line":80,"column":10},"end":{"line":80,"column":64}},"35":{"start":{"line":81,"column":10},"end":{"line":81,"column":62}},"36":{"start":{"line":82,"column":10},"end":{"line":82,"column":16}},"37":{"start":{"line":84,"column":10},"end":{"line":84,"column":22}},"38":{"start":{"line":85,"column":10},"end":{"line":85,"column":16}},"39":{"start":{"line":92,"column":4},"end":{"line":110,"column":5}},"40":{"start":{"line":93,"column":34},"end":{"line":93,"column":42}},"41":{"start":{"line":94,"column":19},"end":{"line":94,"column":59}},"42":{"start":{"line":95,"column":6},"end":{"line":97,"column":7}},"43":{"start":{"line":96,"column":8},"end":{"line":96,"column":39}},"44":{"start":{"line":98,"column":6},"end":{"line":100,"column":7}},"45":{"start":{"line":99,"column":8},"end":{"line":99,"column":38}},"46":{"start":{"line":101,"column":26},"end":{"line":101,"column":66}},"47":{"start":{"line":102,"column":6},"end":{"line":102,"column":55}},"48":{"start":{"line":102,"column":24},"end":{"line":102,"column":55}},"49":{"start":{"line":103,"column":22},"end":{"line":105,"column":7}},"50":{"start":{"line":106,"column":20},"end":{"line":106,"column":40}},"51":{"start":{"line":107,"column":6},"end":{"line":107,"column":52}},"52":{"start":{"line":109,"column":6},"end":{"line":109,"column":18}},"53":{"start":{"line":114,"column":0},"end":{"line":114,"column":32}}},"fnMap":{"0":{"name":"(anonymous_0)","decl":{"start":{"line":10,"column":2},"end":{"line":10,"column":3}},"loc":{"start":{"line":10,"column":43},"end":{"line":21,"column":3}},"line":10},"1":{"name":"(anonymous_1)","decl":{"start":{"line":24,"column":2},"end":{"line":24,"column":3}},"loc":{"start":{"line":24,"column":44},"end":{"line":50,"column":3}},"line":24},"2":{"name":"(anonymous_2)","decl":{"start":{"line":53,"column":2},"end":{"line":53,"column":3}},"loc":{"start":{"line":53,"column":42},"end":{"line":88,"column":3}},"line":53},"3":{"name":"(anonymous_3)","decl":{"start":{"line":91,"column":2},"end":{"line":91,"column":3}},"loc":{"start":{"line":91,"column":41},"end":{"line":111,"column":3}},"line":91}},"branchMap":{"0":{"loc":{"start":{"line":27,"column":6},"end":{"line":27,"column":75}},"type":"if","locations":[{"start":{"line":27,"column":6},"end":{"line":27,"column":75}},{"start":{},"end":{}}],"line":27},"1":{"loc":{"start":{"line":27,"column":10},"end":{"line":27,"column":42}},"type":"binary-expr","locations":[{"start":{"line":27,"column":10},"end":{"line":27,"column":19}},{"start":{"line":27,"column":23},"end":{"line":27,"column":29}},{"start":{"line":27,"column":33},"end":{"line":27,"column":42}}],"line":27},"2":{"loc":{"start":{"line":56,"column":6},"end":{"line":56,"column":49}},"type":"if","locations":[{"start":{"line":56,"column":6},"end":{"line":56,"column":49}},{"start":{},"end":{}}],"line":56},"3":{"loc":{"start":{"line":58,"column":6},"end":{"line":58,"column":48}},"type":"if","locations":[{"start":{"line":58,"column":6},"end":{"line":58,"column":48}},{"start":{},"end":{}}],"line":58},"4":{"loc":{"start":{"line":59,"column":6},"end":{"line":59,"column":64}},"type":"if","locations":[{"start":{"line":59,"column":6},"end":{"line":59,"column":64}},{"start":{},"end":{}}],"line":59},"5":{"loc":{"start":{"line":72,"column":6},"end":{"line":86,"column":7}},"type":"switch","locations":[{"start":{"line":73,"column":8},"end":{"line":77,"column":16}},{"start":{"line":78,"column":8},"end":{"line":82,"column":16}},{"start":{"line":83,"column":8},"end":{"line":85,"column":16}}],"line":72},"6":{"loc":{"start":{"line":95,"column":6},"end":{"line":97,"column":7}},"type":"if","locations":[{"start":{"line":95,"column":6},"end":{"line":97,"column":7}},{"start":{},"end":{}}],"line":95},"7":{"loc":{"start":{"line":98,"column":6},"end":{"line":100,"column":7}},"type":"if","locations":[{"start":{"line":98,"column":6},"end":{"line":100,"column":7}},{"start":{},"end":{}}],"line":98},"8":{"loc":{"start":{"line":102,"column":6},"end":{"line":102,"column":55}},"type":"if","locations":[{"start":{"line":102,"column":6},"end":{"line":102,"column":55}},{"start":{},"end":{}}],"line":102}},"s":{"0":1,"1":1,"2":1,"3":1,"4":1,"5":1,"6":1,"7":1,"8":1,"9":3,"10":3,"11":3,"12":1,"13":2,"14":2,"15":1,"16":1,"17":2,"18":3,"19":3,"20":3,"21":0,"22":3,"23":3,"24":1,"25":2,"26":1,"27":1,"28":1,"29":1,"30":2,"31":0,"32":0,"33":0,"34":1,"35":1,"36":1,"37":1,"38":1,"39":3,"40":3,"41":3,"42":3,"43":1,"44":2,"45":0,"46":2,"47":2,"48":1,"49":1,"50":1,"51":1,"52":2,"53":1},"f":{"0":1,"1":3,"2":3,"3":3},"b":{"0":[1,2],"1":[3,2,2],"2":[0,3],"3":[1,2],"4":[1,1],"5":[0,1,1],"6":[1,2],"7":[0,2],"8":[1,1]},"_coverageSchema":"1a1c01bbd47fc00a2c39e90264f33305004495a9","hash":"b78ba08bd909761541a0b4c46e360b55558eb9f8"}
,"D:\\H8\\phase3\\final-project\\server\\controllers\\userProjectController.js": {"path":"D:\\H8\\phase3\\final-project\\server\\controllers\\userProjectController.js","statementMap":{"0":{"start":{"line":1,"column":39},"end":{"line":1,"column":59}},"1":{"start":{"line":2,"column":24},"end":{"line":2,"column":61}},"2":{"start":{"line":6,"column":4},"end":{"line":29,"column":5}},"3":{"start":{"line":7,"column":35},"end":{"line":7,"column":43}},"4":{"start":{"line":8,"column":21},"end":{"line":8,"column":32}},"5":{"start":{"line":9,"column":6},"end":{"line":9,"column":45}},"6":{"start":{"line":9,"column":18},"end":{"line":9,"column":45}},"7":{"start":{"line":10,"column":29},"end":{"line":10,"column":56}},"8":{"start":{"line":11,"column":23},"end":{"line":11,"column":63}},"9":{"start":{"line":12,"column":6},"end":{"line":12,"column":53}},"10":{"start":{"line":12,"column":21},"end":{"line":12,"column":53}},"11":{"start":{"line":13,"column":26},"end":{"line":13,"column":59}},"12":{"start":{"line":14,"column":6},"end":{"line":14,"column":51}},"13":{"start":{"line":14,"column":24},"end":{"line":14,"column":51}},"14":{"start":{"line":16,"column":18},"end":{"line":23,"column":7}},"15":{"start":{"line":25,"column":6},"end":{"line":25,"column":33}},"16":{"start":{"line":26,"column":6},"end":{"line":26,"column":74}},"17":{"start":{"line":28,"column":6},"end":{"line":28,"column":18}},"18":{"start":{"line":32,"column":4},"end":{"line":46,"column":5}},"19":{"start":{"line":33,"column":36},"end":{"line":33,"column":45}},"20":{"start":{"line":34,"column":30},"end":{"line":36,"column":8}},"21":{"start":{"line":37,"column":6},"end":{"line":37,"column":59}},"22":{"start":{"line":37,"column":27},"end":{"line":37,"column":59}},"23":{"start":{"line":38,"column":32},"end":{"line":42,"column":8}},"24":{"start":{"line":43,"column":6},"end":{"line":43,"column":67}},"25":{"start":{"line":45,"column":6},"end":{"line":45,"column":18}},"26":{"start":{"line":50,"column":0},"end":{"line":50,"column":39}}},"fnMap":{"0":{"name":"(anonymous_0)","decl":{"start":{"line":5,"column":2},"end":{"line":5,"column":3}},"loc":{"start":{"line":5,"column":42},"end":{"line":30,"column":3}},"line":5},"1":{"name":"(anonymous_1)","decl":{"start":{"line":31,"column":2},"end":{"line":31,"column":3}},"loc":{"start":{"line":31,"column":44},"end":{"line":47,"column":3}},"line":31}},"branchMap":{"0":{"loc":{"start":{"line":9,"column":6},"end":{"line":9,"column":45}},"type":"if","locations":[{"start":{"line":9,"column":6},"end":{"line":9,"column":45}},{"start":{},"end":{}}],"line":9},"1":{"loc":{"start":{"line":12,"column":6},"end":{"line":12,"column":53}},"type":"if","locations":[{"start":{"line":12,"column":6},"end":{"line":12,"column":53}},{"start":{},"end":{}}],"line":12},"2":{"loc":{"start":{"line":14,"column":6},"end":{"line":14,"column":51}},"type":"if","locations":[{"start":{"line":14,"column":6},"end":{"line":14,"column":51}},{"start":{},"end":{}}],"line":14},"3":{"loc":{"start":{"line":37,"column":6},"end":{"line":37,"column":59}},"type":"if","locations":[{"start":{"line":37,"column":6},"end":{"line":37,"column":59}},{"start":{},"end":{}}],"line":37}},"s":{"0":1,"1":1,"2":4,"3":4,"4":4,"5":4,"6":1,"7":3,"8":3,"9":3,"10":1,"11":2,"12":2,"13":1,"14":1,"15":1,"16":1,"17":3,"18":2,"19":2,"20":2,"21":2,"22":1,"23":1,"24":1,"25":1,"26":1},"f":{"0":4,"1":2},"b":{"0":[1,3],"1":[1,2],"2":[1,1],"3":[1,1]},"_coverageSchema":"1a1c01bbd47fc00a2c39e90264f33305004495a9","hash":"9ca5ba8fe6ae3cb15dcd934f1e2cce06c2fdbaf9"}
,"D:\\H8\\phase3\\final-project\\server\\helpers\\bcryptjs.js": {"path":"D:\\H8\\phase3\\final-project\\server\\helpers\\bcryptjs.js","statementMap":{"0":{"start":{"line":1,"column":15},"end":{"line":1,"column":34}},"1":{"start":{"line":3,"column":21},"end":{"line":3,"column":64}},"2":{"start":{"line":3,"column":35},"end":{"line":3,"column":64}},"3":{"start":{"line":4,"column":24},"end":{"line":4,"column":94}},"4":{"start":{"line":4,"column":52},"end":{"line":4,"column":94}},"5":{"start":{"line":6,"column":0},"end":{"line":9,"column":1}}},"fnMap":{"0":{"name":"(anonymous_0)","decl":{"start":{"line":3,"column":21},"end":{"line":3,"column":22}},"loc":{"start":{"line":3,"column":35},"end":{"line":3,"column":64}},"line":3},"1":{"name":"(anonymous_1)","decl":{"start":{"line":4,"column":24},"end":{"line":4,"column":25}},"loc":{"start":{"line":4,"column":52},"end":{"line":4,"column":94}},"line":4}},"branchMap":{},"s":{"0":1,"1":1,"2":4,"3":1,"4":2,"5":1},"f":{"0":4,"1":2},"b":{},"_coverageSchema":"1a1c01bbd47fc00a2c39e90264f33305004495a9","hash":"bdd4c8f4d1ffccdb44fbebc721d216d4d4d0b542"}
,"D:\\H8\\phase3\\final-project\\server\\helpers\\invitationEmail.js": {"path":"D:\\H8\\phase3\\final-project\\server\\helpers\\invitationEmail.js","statementMap":{"0":{"start":{"line":1,"column":19},"end":{"line":1,"column":40}},"1":{"start":{"line":2,"column":19},"end":{"line":2,"column":65}},"2":{"start":{"line":4,"column":24},"end":{"line":27,"column":1}},"3":{"start":{"line":5,"column":20},"end":{"line":11,"column":4}},"4":{"start":{"line":13,"column":20},"end":{"line":18,"column":3}},"5":{"start":{"line":29,"column":0},"end":{"line":29,"column":33}}},"fnMap":{"0":{"name":"(anonymous_0)","decl":{"start":{"line":4,"column":24},"end":{"line":4,"column":25}},"loc":{"start":{"line":4,"column":33},"end":{"line":27,"column":1}},"line":4}},"branchMap":{},"s":{"0":1,"1":1,"2":1,"3":1,"4":1,"5":1},"f":{"0":1},"b":{},"_coverageSchema":"1a1c01bbd47fc00a2c39e90264f33305004495a9","hash":"c90add5873942dedcfe39ab9268686d9d737f64e"}
,"D:\\H8\\phase3\\final-project\\server\\helpers\\jwt.js": {"path":"D:\\H8\\phase3\\final-project\\server\\helpers\\jwt.js","statementMap":{"0":{"start":{"line":1,"column":12},"end":{"line":1,"column":35}},"1":{"start":{"line":2,"column":19},"end":{"line":2,"column":30}},"2":{"start":{"line":4,"column":20},"end":{"line":4,"column":62}},"3":{"start":{"line":4,"column":33},"end":{"line":4,"column":62}},"4":{"start":{"line":5,"column":20},"end":{"line":5,"column":60}},"5":{"start":{"line":5,"column":31},"end":{"line":5,"column":60}},"6":{"start":{"line":7,"column":0},"end":{"line":10,"column":2}},"7":{"start":{"line":12,"column":16},"end":{"line":14,"column":3}},"8":{"start":{"line":15,"column":0},"end":{"line":15,"column":34}}},"fnMap":{"0":{"name":"(anonymous_0)","decl":{"start":{"line":4,"column":20},"end":{"line":4,"column":21}},"loc":{"start":{"line":4,"column":33},"end":{"line":4,"column":62}},"line":4},"1":{"name":"(anonymous_1)","decl":{"start":{"line":5,"column":20},"end":{"line":5,"column":21}},"loc":{"start":{"line":5,"column":31},"end":{"line":5,"column":60}},"line":5}},"branchMap":{},"s":{"0":1,"1":1,"2":1,"3":2,"4":1,"5":22,"6":1,"7":1,"8":1},"f":{"0":2,"1":22},"b":{},"_coverageSchema":"1a1c01bbd47fc00a2c39e90264f33305004495a9","hash":"8491e23a7974a340f3a4e5a0dea53474cb367a6e"}
,"D:\\H8\\phase3\\final-project\\server\\helpers\\verifyEmail.js": {"path":"D:\\H8\\phase3\\final-project\\server\\helpers\\verifyEmail.js","statementMap":{"0":{"start":{"line":1,"column":19},"end":{"line":1,"column":40}},"1":{"start":{"line":2,"column":15},"end":{"line":2,"column":57}},"2":{"start":{"line":4,"column":20},"end":{"line":27,"column":1}},"3":{"start":{"line":5,"column":22},"end":{"line":11,"column":6}},"4":{"start":{"line":13,"column":22},"end":{"line":18,"column":5}},"5":{"start":{"line":29,"column":0},"end":{"line":29,"column":29}}},"fnMap":{"0":{"name":"(anonymous_0)","decl":{"start":{"line":4,"column":20},"end":{"line":4,"column":21}},"loc":{"start":{"line":4,"column":29},"end":{"line":27,"column":1}},"line":4}},"branchMap":{},"s":{"0":1,"1":1,"2":1,"3":1,"4":1,"5":1},"f":{"0":1},"b":{},"_coverageSchema":"1a1c01bbd47fc00a2c39e90264f33305004495a9","hash":"f71aa89b8403788f80b6873e5324ce1c199294c5"}
,"D:\\H8\\phase3\\final-project\\server\\helpers\\welcomeEmail.js": {"path":"D:\\H8\\phase3\\final-project\\server\\helpers\\welcomeEmail.js","statementMap":{"0":{"start":{"line":1,"column":19},"end":{"line":1,"column":40}},"1":{"start":{"line":2,"column":16},"end":{"line":2,"column":59}},"2":{"start":{"line":4,"column":18},"end":{"line":27,"column":1}},"3":{"start":{"line":5,"column":22},"end":{"line":11,"column":6}},"4":{"start":{"line":13,"column":22},"end":{"line":18,"column":5}},"5":{"start":{"line":29,"column":0},"end":{"line":29,"column":26}}},"fnMap":{"0":{"name":"(anonymous_0)","decl":{"start":{"line":4,"column":18},"end":{"line":4,"column":19}},"loc":{"start":{"line":4,"column":27},"end":{"line":27,"column":1}},"line":4}},"branchMap":{},"s":{"0":1,"1":1,"2":1,"3":1,"4":1,"5":1},"f":{"0":1},"b":{},"_coverageSchema":"1a1c01bbd47fc00a2c39e90264f33305004495a9","hash":"a03260e4eaf85671da4a85f13f246fa5e1cfcead"}
,"D:\\H8\\phase3\\final-project\\server\\middleware\\authentication.js": {"path":"D:\\H8\\phase3\\final-project\\server\\middleware\\authentication.js","statementMap":{"0":{"start":{"line":1,"column":24},"end":{"line":1,"column":49}},"1":{"start":{"line":2,"column":17},"end":{"line":2,"column":37}},"2":{"start":{"line":4,"column":23},"end":{"line":19,"column":1}},"3":{"start":{"line":5,"column":4},"end":{"line":18,"column":5}},"4":{"start":{"line":6,"column":33},"end":{"line":6,"column":44}},"5":{"start":{"line":7,"column":8},"end":{"line":7,"column":54}},"6":{"start":{"line":7,"column":27},"end":{"line":7,"column":54}},"7":{"start":{"line":8,"column":24},"end":{"line":8,"column":49}},"8":{"start":{"line":9,"column":8},"end":{"line":9,"column":55}},"9":{"start":{"line":9,"column":25},"end":{"line":9,"column":55}},"10":{"start":{"line":10,"column":21},"end":{"line":10,"column":52}},"11":{"start":{"line":11,"column":8},"end":{"line":14,"column":9}},"12":{"start":{"line":15,"column":8},"end":{"line":15,"column":15}},"13":{"start":{"line":17,"column":8},"end":{"line":17,"column":20}},"14":{"start":{"line":21,"column":0},"end":{"line":21,"column":32}}},"fnMap":{"0":{"name":"(anonymous_0)","decl":{"start":{"line":4,"column":23},"end":{"line":4,"column":24}},"loc":{"start":{"line":4,"column":49},"end":{"line":19,"column":1}},"line":4}},"branchMap":{"0":{"loc":{"start":{"line":7,"column":8},"end":{"line":7,"column":54}},"type":"if","locations":[{"start":{"line":7,"column":8},"end":{"line":7,"column":54}},{"start":{},"end":{}}],"line":7},"1":{"loc":{"start":{"line":9,"column":8},"end":{"line":9,"column":55}},"type":"if","locations":[{"start":{"line":9,"column":8},"end":{"line":9,"column":55}},{"start":{},"end":{}}],"line":9}},"s":{"0":1,"1":1,"2":1,"3":29,"4":29,"5":29,"6":7,"7":22,"8":15,"9":0,"10":15,"11":15,"12":14,"13":15,"14":1},"f":{"0":29},"b":{"0":[7,22],"1":[0,15]},"_coverageSchema":"1a1c01bbd47fc00a2c39e90264f33305004495a9","hash":"3d5f8554eca58711fb7278154123082b9180edb8"}
,"D:\\H8\\phase3\\final-project\\server\\middleware\\errorHandler.js": {"path":"D:\\H8\\phase3\\final-project\\server\\middleware\\errorHandler.js","statementMap":{"0":{"start":{"line":1,"column":21},"end":{"line":70,"column":1}},"1":{"start":{"line":2,"column":2},"end":{"line":69,"column":3}},"2":{"start":{"line":6,"column":19},"end":{"line":6,"column":42}},"3":{"start":{"line":7,"column":4},"end":{"line":9,"column":7}},"4":{"start":{"line":17,"column":9},"end":{"line":69,"column":3}},"5":{"start":{"line":18,"column":4},"end":{"line":18,"column":79}},"6":{"start":{"line":19,"column":9},"end":{"line":69,"column":3}},"7":{"start":{"line":20,"column":4},"end":{"line":22,"column":7}},"8":{"start":{"line":23,"column":9},"end":{"line":69,"column":3}},"9":{"start":{"line":24,"column":4},"end":{"line":24,"column":79}},"10":{"start":{"line":25,"column":9},"end":{"line":69,"column":3}},"11":{"start":{"line":26,"column":4},"end":{"line":28,"column":7}},"12":{"start":{"line":29,"column":9},"end":{"line":69,"column":3}},"13":{"start":{"line":30,"column":4},"end":{"line":30,"column":64}},"14":{"start":{"line":31,"column":9},"end":{"line":69,"column":3}},"15":{"start":{"line":35,"column":4},"end":{"line":37,"column":7}},"16":{"start":{"line":38,"column":9},"end":{"line":69,"column":3}},"17":{"start":{"line":39,"column":4},"end":{"line":42,"column":7}},"18":{"start":{"line":43,"column":9},"end":{"line":69,"column":3}},"19":{"start":{"line":44,"column":4},"end":{"line":44,"column":56}},"20":{"start":{"line":45,"column":9},"end":{"line":69,"column":3}},"21":{"start":{"line":46,"column":4},"end":{"line":48,"column":7}},"22":{"start":{"line":49,"column":9},"end":{"line":69,"column":3}},"23":{"start":{"line":50,"column":4},"end":{"line":52,"column":7}},"24":{"start":{"line":63,"column":4},"end":{"line":68,"column":7}},"25":{"start":{"line":72,"column":0},"end":{"line":72,"column":30}}},"fnMap":{"0":{"name":"(anonymous_0)","decl":{"start":{"line":1,"column":21},"end":{"line":1,"column":22}},"loc":{"start":{"line":1,"column":54},"end":{"line":70,"column":1}},"line":1}},"branchMap":{"0":{"loc":{"start":{"line":2,"column":2},"end":{"line":69,"column":3}},"type":"if","locations":[{"start":{"line":2,"column":2},"end":{"line":69,"column":3}},{"start":{"line":17,"column":9},"end":{"line":69,"column":3}}],"line":2},"1":{"loc":{"start":{"line":3,"column":4},"end":{"line":4,"column":50}},"type":"binary-expr","locations":[{"start":{"line":3,"column":4},"end":{"line":3,"column":44}},{"start":{"line":4,"column":4},"end":{"line":4,"column":50}}],"line":3},"2":{"loc":{"start":{"line":17,"column":9},"end":{"line":69,"column":3}},"type":"if","locations":[{"start":{"line":17,"column":9},"end":{"line":69,"column":3}},{"start":{"line":19,"column":9},"end":{"line":69,"column":3}}],"line":17},"3":{"loc":{"start":{"line":19,"column":9},"end":{"line":69,"column":3}},"type":"if","locations":[{"start":{"line":19,"column":9},"end":{"line":69,"column":3}},{"start":{"line":23,"column":9},"end":{"line":69,"column":3}}],"line":19},"4":{"loc":{"start":{"line":23,"column":9},"end":{"line":69,"column":3}},"type":"if","locations":[{"start":{"line":23,"column":9},"end":{"line":69,"column":3}},{"start":{"line":25,"column":9},"end":{"line":69,"column":3}}],"line":23},"5":{"loc":{"start":{"line":25,"column":9},"end":{"line":69,"column":3}},"type":"if","locations":[{"start":{"line":25,"column":9},"end":{"line":69,"column":3}},{"start":{"line":29,"column":9},"end":{"line":69,"column":3}}],"line":25},"6":{"loc":{"start":{"line":29,"column":9},"end":{"line":69,"column":3}},"type":"if","locations":[{"start":{"line":29,"column":9},"end":{"line":69,"column":3}},{"start":{"line":31,"column":9},"end":{"line":69,"column":3}}],"line":29},"7":{"loc":{"start":{"line":31,"column":9},"end":{"line":69,"column":3}},"type":"if","locations":[{"start":{"line":31,"column":9},"end":{"line":69,"column":3}},{"start":{"line":38,"column":9},"end":{"line":69,"column":3}}],"line":31},"8":{"loc":{"start":{"line":32,"column":4},"end":{"line":33,"column":37}},"type":"binary-expr","locations":[{"start":{"line":32,"column":4},"end":{"line":32,"column":32}},{"start":{"line":33,"column":4},"end":{"line":33,"column":37}}],"line":32},"9":{"loc":{"start":{"line":38,"column":9},"end":{"line":69,"column":3}},"type":"if","locations":[{"start":{"line":38,"column":9},"end":{"line":69,"column":3}},{"start":{"line":43,"column":9},"end":{"line":69,"column":3}}],"line":38},"10":{"loc":{"start":{"line":43,"column":9},"end":{"line":69,"column":3}},"type":"if","locations":[{"start":{"line":43,"column":9},"end":{"line":69,"column":3}},{"start":{"line":45,"column":9},"end":{"line":69,"column":3}}],"line":43},"11":{"loc":{"start":{"line":45,"column":9},"end":{"line":69,"column":3}},"type":"if","locations":[{"start":{"line":45,"column":9},"end":{"line":69,"column":3}},{"start":{"line":49,"column":9},"end":{"line":69,"column":3}}],"line":45},"12":{"loc":{"start":{"line":49,"column":9},"end":{"line":69,"column":3}},"type":"if","locations":[{"start":{"line":49,"column":9},"end":{"line":69,"column":3}},{"start":{"line":62,"column":7},"end":{"line":69,"column":3}}],"line":49}},"s":{"0":1,"1":27,"2":3,"3":3,"4":24,"5":1,"6":23,"7":1,"8":22,"9":1,"10":21,"11":0,"12":21,"13":1,"14":20,"15":7,"16":13,"17":7,"18":6,"19":1,"20":5,"21":2,"22":3,"23":1,"24":2,"25":1},"f":{"0":27},"b":{"0":[3,24],"1":[27,25],"2":[1,23],"3":[1,22],"4":[1,21],"5":[0,21],"6":[1,20],"7":[7,13],"8":[20,20],"9":[7,6],"10":[1,5],"11":[2,3],"12":[1,2]},"_coverageSchema":"1a1c01bbd47fc00a2c39e90264f33305004495a9","hash":"81e39c5bc8493e22a96a17054a976c0c1566447e"}
,"D:\\H8\\phase3\\final-project\\server\\routes\\index.js": {"path":"D:\\H8\\phase3\\final-project\\server\\routes\\index.js","statementMap":{"0":{"start":{"line":1,"column":15},"end":{"line":1,"column":42}},"1":{"start":{"line":2,"column":19},"end":{"line":2,"column":36}},"2":{"start":{"line":3,"column":19},"end":{"line":3,"column":36}},"3":{"start":{"line":4,"column":22},"end":{"line":4,"column":42}},"4":{"start":{"line":5,"column":26},"end":{"line":5,"column":50}},"5":{"start":{"line":6,"column":23},"end":{"line":6,"column":62}},"6":{"start":{"line":8,"column":0},"end":{"line":8,"column":33}},"7":{"start":{"line":9,"column":0},"end":{"line":9,"column":27}},"8":{"start":{"line":10,"column":0},"end":{"line":10,"column":33}},"9":{"start":{"line":11,"column":0},"end":{"line":11,"column":39}},"10":{"start":{"line":12,"column":0},"end":{"line":12,"column":47}},"11":{"start":{"line":14,"column":0},"end":{"line":14,"column":24}}},"fnMap":{},"branchMap":{},"s":{"0":1,"1":1,"2":1,"3":1,"4":1,"5":1,"6":1,"7":1,"8":1,"9":1,"10":1,"11":1},"f":{},"b":{},"_coverageSchema":"1a1c01bbd47fc00a2c39e90264f33305004495a9","hash":"741088794a23e76e43f78654a3a1e4f28a1658ba"}
,"D:\\H8\\phase3\\final-project\\server\\routes\\project.js": {"path":"D:\\H8\\phase3\\final-project\\server\\routes\\project.js","statementMap":{"0":{"start":{"line":1,"column":26},"end":{"line":1,"column":69}},"1":{"start":{"line":2,"column":15},"end":{"line":2,"column":42}},"2":{"start":{"line":4,"column":0},"end":{"line":4,"column":46}},"3":{"start":{"line":5,"column":0},"end":{"line":5,"column":60}},"4":{"start":{"line":6,"column":0},"end":{"line":6,"column":50}},"5":{"start":{"line":8,"column":0},"end":{"line":8,"column":24}}},"fnMap":{},"branchMap":{},"s":{"0":1,"1":1,"2":1,"3":1,"4":1,"5":1},"f":{},"b":{},"_coverageSchema":"1a1c01bbd47fc00a2c39e90264f33305004495a9","hash":"6bc1c5ded77719276590941980dbec0cf25e1167"}
,"D:\\H8\\phase3\\final-project\\server\\routes\\task.js": {"path":"D:\\H8\\phase3\\final-project\\server\\routes\\task.js","statementMap":{"0":{"start":{"line":1,"column":15},"end":{"line":1,"column":42}},"1":{"start":{"line":2,"column":23},"end":{"line":2,"column":63}},"2":{"start":{"line":3,"column":23},"end":{"line":3,"column":62}},"3":{"start":{"line":7,"column":0},"end":{"line":7,"column":52}},"4":{"start":{"line":9,"column":0},"end":{"line":9,"column":44}},"5":{"start":{"line":11,"column":0},"end":{"line":11,"column":49}},"6":{"start":{"line":13,"column":0},"end":{"line":13,"column":24}}},"fnMap":{},"branchMap":{},"s":{"0":1,"1":1,"2":1,"3":1,"4":1,"5":1,"6":1},"f":{},"b":{},"_coverageSchema":"1a1c01bbd47fc00a2c39e90264f33305004495a9","hash":"0ddaebf4d73004cc8f05940e38a29fed42dc6cb4"}
,"D:\\H8\\phase3\\final-project\\server\\routes\\user.js": {"path":"D:\\H8\\phase3\\final-project\\server\\routes\\user.js","statementMap":{"0":{"start":{"line":1,"column":23},"end":{"line":1,"column":63}},"1":{"start":{"line":2,"column":15},"end":{"line":2,"column":42}},"2":{"start":{"line":5,"column":0},"end":{"line":5,"column":44}},"3":{"start":{"line":8,"column":0},"end":{"line":8,"column":46}},"4":{"start":{"line":11,"column":0},"end":{"line":11,"column":56}},"5":{"start":{"line":14,"column":0},"end":{"line":14,"column":48}},"6":{"start":{"line":16,"column":0},"end":{"line":16,"column":24}}},"fnMap":{},"branchMap":{},"s":{"0":1,"1":1,"2":1,"3":1,"4":1,"5":1,"6":1},"f":{},"b":{},"_coverageSchema":"1a1c01bbd47fc00a2c39e90264f33305004495a9","hash":"5bd9ff81c8f65c8becd4253fcb8921a51d4c12a5"}
,"D:\\H8\\phase3\\final-project\\server\\routes\\userProject.js": {"path":"D:\\H8\\phase3\\final-project\\server\\routes\\userProject.js","statementMap":{"0":{"start":{"line":1,"column":30},"end":{"line":1,"column":77}},"1":{"start":{"line":2,"column":15},"end":{"line":2,"column":42}},"2":{"start":{"line":5,"column":0},"end":{"line":5,"column":51}},"3":{"start":{"line":8,"column":0},"end":{"line":8,"column":59}},"4":{"start":{"line":11,"column":0},"end":{"line":11,"column":24}}},"fnMap":{},"branchMap":{},"s":{"0":1,"1":1,"2":1,"3":1,"4":1},"f":{},"b":{},"_coverageSchema":"1a1c01bbd47fc00a2c39e90264f33305004495a9","hash":"42e11507086f55b86248b1d4fc4a13d2d3303bdf"}
}
