TN:
SF:controllers\projectController.js
FN:4,(anonymous_0)
FN:26,(anonymous_1)
FN:42,(anonymous_2)
FNF:3
FNH:3
FNDA:1,(anonymous_0)
FNDA:1,(anonymous_1)
FNDA:2,(anonymous_2)
DA:1,1
DA:5,1
DA:6,1
DA:8,1
DA:9,1
DA:13,1
DA:19,1
DA:27,1
DA:28,1
DA:29,1
DA:35,1
DA:43,2
DA:44,2
DA:45,2
DA:46,2
DA:53,2
DA:55,1
DA:67,1
DA:80,1
DA:88,1
LF:20
LH:20
BRDA:53,0,0,1
BRDA:53,0,1,1
BRF:2
BRH:2
end_of_record
TN:
SF:controllers\taskController.js
FN:6,(anonymous_0)
FN:20,(anonymous_1)
FN:23,(anonymous_2)
FN:57,(anonymous_3)
FN:65,(anonymous_4)
FNF:5
FNH:2
FNDA:1,(anonymous_0)
FNDA:0,(anonymous_1)
FNDA:0,(anonymous_2)
FNDA:0,(anonymous_3)
FNDA:3,(anonymous_4)
DA:1,1
DA:2,1
DA:3,1
DA:7,1
DA:9,1
DA:12,1
DA:13,1
DA:21,0
DA:22,0
DA:23,0
DA:24,0
DA:25,0
DA:27,0
DA:29,0
DA:30,0
DA:45,0
DA:49,0
DA:53,0
DA:57,0
DA:58,0
DA:60,0
DA:61,0
DA:66,3
DA:67,3
DA:68,3
DA:69,3
DA:77,1
DA:83,2
DA:88,1
LF:29
LH:14
BRDA:12,0,0,0
BRDA:12,0,1,1
BRF:2
BRH:1
end_of_record
TN:
SF:controllers\userController.js
FN:10,(anonymous_0)
FN:24,(anonymous_1)
FN:53,(anonymous_2)
FN:91,(anonymous_3)
FNF:4
FNH:4
FNDA:1,(anonymous_0)
FNDA:3,(anonymous_1)
FNDA:3,(anonymous_2)
FNDA:3,(anonymous_3)
DA:1,1
DA:2,1
DA:3,1
DA:4,1
DA:5,1
DA:6,1
DA:11,1
DA:12,1
DA:17,1
DA:25,3
DA:26,3
DA:27,3
DA:28,2
DA:31,2
DA:40,1
DA:44,1
DA:48,2
DA:54,3
DA:55,3
DA:56,3
DA:57,3
DA:58,3
DA:59,2
DA:62,1
DA:65,1
DA:70,1
DA:72,2
DA:75,0
DA:76,0
DA:77,0
DA:80,1
DA:81,1
DA:82,1
DA:84,1
DA:85,1
DA:92,3
DA:93,3
DA:94,3
DA:95,3
DA:96,1
DA:98,2
DA:99,0
DA:101,2
DA:102,2
DA:103,1
DA:106,1
DA:107,1
DA:109,2
DA:114,1
LF:49
LH:45
BRDA:27,0,0,1
BRDA:27,0,1,2
BRDA:27,1,0,3
BRDA:27,1,1,2
BRDA:27,1,2,2
BRDA:56,2,0,0
BRDA:56,2,1,3
BRDA:58,3,0,1
BRDA:58,3,1,2
BRDA:59,4,0,1
BRDA:59,4,1,1
BRDA:72,5,0,0
BRDA:72,5,1,1
BRDA:72,5,2,1
BRDA:95,6,0,1
BRDA:95,6,1,2
BRDA:98,7,0,0
BRDA:98,7,1,2
BRDA:102,8,0,1
BRDA:102,8,1,1
BRF:20
BRH:17
end_of_record
TN:
SF:controllers\userProjectController.js
FN:5,(anonymous_0)
FN:31,(anonymous_1)
FNF:2
FNH:2
FNDA:4,(anonymous_0)
FNDA:2,(anonymous_1)
DA:1,1
DA:2,1
DA:6,4
DA:7,4
DA:8,4
DA:9,4
DA:10,3
DA:11,3
DA:12,3
DA:13,2
DA:14,2
DA:16,1
DA:25,1
DA:26,1
DA:28,3
DA:32,2
DA:33,2
DA:34,2
DA:37,2
DA:38,1
DA:43,1
DA:45,1
DA:50,1
LF:23
LH:23
BRDA:9,0,0,1
BRDA:9,0,1,3
BRDA:12,1,0,1
BRDA:12,1,1,2
BRDA:14,2,0,1
BRDA:14,2,1,1
BRDA:37,3,0,1
BRDA:37,3,1,1
BRF:8
BRH:8
end_of_record
TN:
SF:helpers\bcryptjs.js
FN:3,(anonymous_0)
FN:4,(anonymous_1)
FNF:2
FNH:2
FNDA:4,(anonymous_0)
FNDA:2,(anonymous_1)
DA:1,1
DA:3,4
DA:4,2
DA:6,1
LF:4
LH:4
BRF:0
BRH:0
end_of_record
TN:
SF:helpers\invitationEmail.js
FN:4,(anonymous_0)
FNF:1
FNH:1
FNDA:1,(anonymous_0)
DA:1,1
DA:2,1
DA:4,1
DA:5,1
DA:13,1
DA:29,1
LF:6
LH:6
BRF:0
BRH:0
end_of_record
TN:
SF:helpers\jwt.js
FN:4,(anonymous_0)
FN:5,(anonymous_1)
FNF:2
FNH:2
FNDA:1,(anonymous_0)
FNDA:22,(anonymous_1)
DA:1,1
DA:2,1
DA:4,1
DA:5,22
DA:7,1
LF:5
LH:5
BRF:0
BRH:0
end_of_record
TN:
SF:helpers\verifyEmail.js
FN:4,(anonymous_0)
FNF:1
FNH:1
FNDA:1,(anonymous_0)
DA:1,1
DA:2,1
DA:4,1
DA:5,1
DA:13,1
DA:29,1
LF:6
LH:6
BRF:0
BRH:0
end_of_record
TN:
SF:helpers\welcomeEmail.js
FN:4,(anonymous_0)
FNF:1
FNH:1
FNDA:1,(anonymous_0)
DA:1,1
DA:2,1
DA:4,1
DA:5,1
DA:13,1
DA:29,1
LF:6
LH:6
BRF:0
BRH:0
end_of_record
TN:
SF:middleware\authentication.js
FN:4,(anonymous_0)
FNF:1
FNH:1
FNDA:29,(anonymous_0)
DA:1,1
DA:2,1
DA:4,1
DA:5,29
DA:6,29
DA:7,29
DA:8,22
DA:9,15
DA:10,15
DA:11,15
DA:15,14
DA:17,15
DA:21,1
LF:13
LH:13
BRDA:7,0,0,7
BRDA:7,0,1,22
BRDA:9,1,0,0
BRDA:9,1,1,15
BRF:4
BRH:3
end_of_record
TN:
SF:middleware\errorHandler.js
FN:1,(anonymous_0)
FNF:1
FNH:1
FNDA:26,(anonymous_0)
DA:1,1
DA:2,26
DA:6,3
DA:7,3
DA:17,23
DA:18,1
DA:19,22
DA:20,0
DA:23,22
DA:24,1
DA:25,21
DA:26,0
DA:29,21
DA:30,1
DA:31,20
DA:35,7
DA:38,13
DA:39,7
DA:43,6
DA:44,1
DA:45,5
DA:46,2
DA:49,3
DA:50,1
DA:63,2
DA:72,1
LF:26
LH:24
BRDA:2,0,0,3
BRDA:2,0,1,23
BRDA:3,1,0,26
BRDA:3,1,1,24
BRDA:17,2,0,1
BRDA:17,2,1,22
BRDA:19,3,0,0
BRDA:19,3,1,22
BRDA:23,4,0,1
BRDA:23,4,1,21
BRDA:25,5,0,0
BRDA:25,5,1,21
BRDA:29,6,0,1
BRDA:29,6,1,20
BRDA:31,7,0,7
BRDA:31,7,1,13
BRDA:32,8,0,20
BRDA:32,8,1,20
BRDA:38,9,0,7
BRDA:38,9,1,6
BRDA:43,10,0,1
BRDA:43,10,1,5
BRDA:45,11,0,2
BRDA:45,11,1,3
BRDA:49,12,0,1
BRDA:49,12,1,2
BRF:26
BRH:24
end_of_record
TN:
SF:routes\index.js
FNF:0
FNH:0
DA:1,1
DA:2,1
DA:3,1
DA:4,1
DA:5,1
DA:6,1
DA:8,1
DA:9,1
DA:10,1
DA:11,1
DA:12,1
DA:14,1
LF:12
LH:12
BRF:0
BRH:0
end_of_record
TN:
SF:routes\project.js
FNF:0
FNH:0
DA:1,1
DA:2,1
DA:4,1
DA:5,1
DA:6,1
DA:8,1
LF:6
LH:6
BRF:0
BRH:0
end_of_record
TN:
SF:routes\task.js
FNF:0
FNH:0
DA:1,1
DA:2,1
DA:3,1
DA:7,1
DA:9,1
DA:11,1
DA:13,1
LF:7
LH:7
BRF:0
BRH:0
end_of_record
TN:
SF:routes\user.js
FNF:0
FNH:0
DA:1,1
DA:2,1
DA:5,1
DA:8,1
DA:11,1
DA:14,1
DA:16,1
LF:7
LH:7
BRF:0
BRH:0
end_of_record
TN:
SF:routes\userProject.js
FNF:0
FNH:0
DA:1,1
DA:2,1
DA:5,1
DA:8,1
DA:11,1
LF:5
LH:5
BRF:0
BRH:0
end_of_record
