TN:
SF:controllers\projectController.js
FN:4,(anonymous_0)
FN:26,(anonymous_1)
FN:42,(anonymous_2)
FNF:3
FNH:3
FNDA:1,(anonymous_0)
FNDA:1,(anonymous_1)
FNDA:2,(anonymous_2)
DA:1,1
DA:5,1
DA:6,1
DA:8,1
DA:9,1
DA:13,1
DA:19,1
DA:22,0
DA:27,1
DA:28,1
DA:29,1
DA:35,1
DA:38,0
DA:43,2
DA:44,2
DA:45,2
DA:46,2
DA:47,2
DA:54,2
DA:56,1
DA:68,1
DA:81,1
DA:84,1
DA:89,1
LF:24
LH:22
BRDA:54,0,0,1
BRDA:54,0,1,1
BRF:2
BRH:2
end_of_record
TN:
SF:controllers\taskController.js
FN:4,(anonymous_0)
FN:15,(anonymous_1)
FNF:2
FNH:2
FNDA:2,(anonymous_0)
FNDA:3,(anonymous_1)
DA:1,1
DA:5,2
DA:6,2
DA:7,2
DA:8,2
DA:9,1
DA:11,1
DA:16,3
DA:17,3
DA:18,3
DA:19,3
DA:27,1
DA:33,2
DA:38,1
LF:14
LH:14
BRDA:8,0,0,1
BRDA:8,0,1,1
BRF:2
BRH:2
end_of_record
TN:
SF:controllers\userController.js
FN:10,(anonymous_0)
FN:24,(anonymous_1)
FN:55,(anonymous_2)
FN:93,(anonymous_3)
FNF:4
FNH:4
FNDA:1,(anonymous_0)
FNDA:2,(anonymous_1)
FNDA:3,(anonymous_2)
FNDA:4,(anonymous_3)
DA:1,1
DA:2,1
DA:3,1
DA:4,1
DA:5,1
DA:6,1
DA:11,1
DA:12,1
DA:17,1
DA:19,0
DA:25,2
DA:26,2
DA:27,2
DA:28,2
DA:31,2
DA:40,1
DA:44,1
DA:45,1
DA:49,1
DA:50,1
DA:56,3
DA:57,3
DA:58,3
DA:59,3
DA:60,3
DA:61,2
DA:64,1
DA:67,1
DA:72,1
DA:74,2
DA:77,0
DA:78,0
DA:79,0
DA:82,1
DA:83,1
DA:84,1
DA:86,1
DA:87,1
DA:94,4
DA:95,4
DA:96,4
DA:97,4
DA:98,4
DA:99,2
DA:100,2
DA:102,2
DA:103,0
DA:104,0
DA:106,2
DA:107,2
DA:108,1
DA:111,1
DA:112,1
DA:114,3
DA:119,1
LF:55
LH:49
BRDA:27,0,0,0
BRDA:27,0,1,2
BRDA:27,1,0,2
BRDA:27,1,1,2
BRDA:27,1,2,2
BRDA:58,2,0,0
BRDA:58,2,1,3
BRDA:60,3,0,1
BRDA:60,3,1,2
BRDA:61,4,0,1
BRDA:61,4,1,1
BRDA:74,5,0,0
BRDA:74,5,1,1
BRDA:74,5,2,1
BRDA:98,6,0,2
BRDA:98,6,1,2
BRDA:102,7,0,0
BRDA:102,7,1,2
BRDA:107,8,0,1
BRDA:107,8,1,1
BRF:20
BRH:16
end_of_record
TN:
SF:controllers\userProjectController.js
FN:5,(anonymous_0)
FN:36,(anonymous_1)
FNF:2
FNH:1
FNDA:3,(anonymous_0)
FNDA:0,(anonymous_1)
DA:1,1
DA:2,1
DA:6,3
DA:7,3
DA:8,3
DA:9,3
DA:10,2
DA:11,2
DA:12,2
DA:13,2
DA:14,2
DA:16,1
DA:25,1
DA:26,1
DA:28,2
DA:29,0
DA:31,2
DA:32,2
DA:37,0
DA:38,0
DA:39,0
DA:42,0
DA:43,0
DA:48,0
DA:50,0
DA:51,0
DA:55,0
DA:61,1
LF:28
LH:18
BRDA:9,0,0,1
BRDA:9,0,1,2
BRDA:12,1,0,0
BRDA:12,1,1,2
BRDA:14,2,0,1
BRDA:14,2,1,1
BRDA:28,3,0,0
BRDA:28,3,1,2
BRDA:42,4,0,0
BRDA:42,4,1,0
BRDA:50,5,0,0
BRDA:50,5,1,0
BRF:12
BRH:6
end_of_record
TN:
SF:helpers\bcryptjs.js
FN:3,(anonymous_0)
FN:4,(anonymous_1)
FNF:2
FNH:2
FNDA:4,(anonymous_0)
FNDA:2,(anonymous_1)
DA:1,1
DA:3,4
DA:4,2
DA:6,1
LF:4
LH:4
BRF:0
BRH:0
end_of_record
TN:
SF:helpers\invitationEmail.js
FN:4,(anonymous_0)
FNF:1
FNH:1
FNDA:1,(anonymous_0)
DA:1,1
DA:2,1
DA:4,1
DA:5,1
DA:13,1
DA:29,1
LF:6
LH:6
BRF:0
BRH:0
end_of_record
TN:
SF:helpers\jwt.js
FN:4,(anonymous_0)
FN:5,(anonymous_1)
FNF:2
FNH:2
FNDA:2,(anonymous_0)
FNDA:18,(anonymous_1)
DA:1,1
DA:2,1
DA:4,2
DA:5,18
DA:7,1
DA:12,1
DA:15,1
LF:7
LH:7
BRF:0
BRH:0
end_of_record
TN:
SF:helpers\verifyEmail.js
FN:4,(anonymous_0)
FNF:1
FNH:1
FNDA:1,(anonymous_0)
DA:1,1
DA:2,1
DA:4,1
DA:5,1
DA:13,1
DA:29,1
LF:6
LH:6
BRF:0
BRH:0
end_of_record
TN:
SF:helpers\welcomeEmail.js
FN:4,(anonymous_0)
FNF:1
FNH:1
FNDA:1,(anonymous_0)
DA:1,1
DA:2,1
DA:4,1
DA:5,1
DA:13,1
DA:29,1
LF:6
LH:6
BRF:0
BRH:0
end_of_record
TN:
SF:middleware\authentication.js
FN:4,(anonymous_0)
FNF:1
FNH:1
FNDA:24,(anonymous_0)
DA:1,1
DA:2,1
DA:4,1
DA:5,24
DA:6,24
DA:7,24
DA:8,18
DA:9,17
DA:10,17
DA:11,17
DA:15,17
DA:17,7
DA:21,1
LF:13
LH:13
BRDA:7,0,0,6
BRDA:7,0,1,18
BRDA:10,1,0,0
BRDA:10,1,1,17
BRF:4
BRH:3
end_of_record
TN:
SF:middleware\errorHandler.js
FN:1,(anonymous_0)
FNF:1
FNH:1
FNDA:18,(anonymous_0)
DA:1,1
DA:2,18
DA:6,3
DA:7,3
DA:17,15
DA:18,1
DA:19,14
DA:20,1
DA:23,13
DA:24,0
DA:25,13
DA:26,0
DA:29,13
DA:30,1
DA:31,12
DA:35,1
DA:39,11
DA:40,6
DA:44,5
DA:45,2
DA:46,3
DA:47,3
DA:62,0
DA:71,1
LF:24
LH:21
BRDA:2,0,0,3
BRDA:2,0,1,15
BRDA:3,1,0,18
BRDA:3,1,1,16
BRDA:17,2,0,1
BRDA:17,2,1,14
BRDA:19,3,0,1
BRDA:19,3,1,13
BRDA:23,4,0,0
BRDA:23,4,1,13
BRDA:25,5,0,0
BRDA:25,5,1,13
BRDA:29,6,0,1
BRDA:29,6,1,12
BRDA:31,7,0,1
BRDA:31,7,1,11
BRDA:32,8,0,12
BRDA:32,8,1,12
BRDA:39,9,0,6
BRDA:39,9,1,5
BRDA:44,10,0,2
BRDA:44,10,1,3
BRDA:46,11,0,3
BRDA:46,11,1,0
BRF:24
BRH:21
end_of_record
TN:
SF:routes\index.js
FNF:0
FNH:0
DA:1,1
DA:2,1
DA:3,1
DA:4,1
DA:5,1
DA:6,1
DA:8,1
DA:9,1
DA:10,1
DA:11,1
DA:12,1
DA:14,1
LF:12
LH:12
BRF:0
BRH:0
end_of_record
TN:
SF:routes\project.js
FNF:0
FNH:0
DA:1,1
DA:2,1
DA:4,1
DA:5,1
DA:6,1
DA:8,1
LF:6
LH:6
BRF:0
BRH:0
end_of_record
TN:
SF:routes\task.js
FNF:0
FNH:0
DA:1,1
DA:2,1
DA:3,1
DA:5,1
DA:7,1
DA:9,1
DA:11,1
LF:7
LH:7
BRF:0
BRH:0
end_of_record
TN:
SF:routes\user.js
FNF:0
FNH:0
DA:1,1
DA:2,1
DA:5,1
DA:8,1
DA:11,1
DA:14,1
DA:16,1
LF:7
LH:7
BRF:0
BRH:0
end_of_record
TN:
SF:routes\userProject.js
FNF:0
FNH:0
DA:1,1
DA:2,1
DA:5,1
DA:8,1
DA:11,1
LF:5
LH:5
BRF:0
BRH:0
end_of_record
